  moc GUI.h
  moc CartGUI.h
  CartGUI.cpp
  FakeRepository.cpp
  Observer.cpp
  repository.cpp
D:\Qt_v2\6.1.0\msvc2019_64\include\QtCore\qglobal.h(387,31): error C7525: inline variables require at least '/std:c++17' (compiling source file CartGUI.cpp)
D:\Qt_v2\6.1.0\msvc2019_64\include\QtCore\qglobal.h(1261,65): error C7525: inline variables require at least '/std:c++17' (compiling source file CartGUI.cpp)
D:\Qt_v2\6.1.0\msvc2019_64\include\QtCore\qglobal.h(1262,70): error C7525: inline variables require at least '/std:c++17' (compiling source file CartGUI.cpp)
D:\Qt_v2\6.1.0\msvc2019_64\include\QtCore\qglobal.h(1263,73): error C7525: inline variables require at least '/std:c++17' (compiling source file CartGUI.cpp)
  The contents of <variant> are available only with C++17 or later.
  The contents of <optional> are available only with C++17 or later.
D:\Qt_v2\6.1.0\msvc2019_64\include\QtCore\qtypeinfo.h(58,23): error C7525: inline variables require at least '/std:c++17' (compiling source file CartGUI.cpp)
D:\Qt_v2\6.1.0\msvc2019_64\include\QtCore\qtypeinfo.h(111,1): error C2429: language feature 'terse static assert' requires compiler flag '/std:c++17' (compiling source file CartGUI.cpp)
D:\Qt_v2\6.1.0\msvc2019_64\include\QtCore\qtypeinfo.h(117): message : see reference to class template instantiation 'QTypeInfoMerger<T,Ts...>' being compiled (compiling source file CartGUI.cpp)
D:\Qt_v2\6.1.0\msvc2019_64\include\QtCore\qtypeinfo.h(270,41): error C2039: 'optional': is not a member of 'std' (compiling source file CartGUI.cpp)
C:\Program Files (x86)\Microsoft Visual Studio\2019\Community\VC\Tools\MSVC\14.28.29910\include\tuple(21): message : see declaration of 'std' (compiling source file CartGUI.cpp)
D:\Qt_v2\6.1.0\msvc2019_64\include\QtCore\qtypeinfo.h(270,1): error C2065: 'optional': undeclared identifier (compiling source file CartGUI.cpp)
D:\Qt_v2\6.1.0\msvc2019_64\include\QtCore\qtypeinfo.h(270,1): error C2974: 'QTypeTraits::detail::expand_operator_equal_tuple': invalid template argument for 'T', type expected (compiling source file CartGUI.cpp)
D:\Qt_v2\6.1.0\msvc2019_64\include\QtCore\qtypeinfo.h(268): message : see declaration of 'QTypeTraits::detail::expand_operator_equal_tuple' (compiling source file CartGUI.cpp)
D:\Qt_v2\6.1.0\msvc2019_64\include\QtCore\qtypeinfo.h(270,1): error C2988: unrecognizable template declaration/definition (compiling source file CartGUI.cpp)
D:\Qt_v2\6.1.0\msvc2019_64\include\QtCore\qtypeinfo.h(270,1): error C2143: syntax error: missing ';' before '>' (compiling source file CartGUI.cpp)
D:\Qt_v2\6.1.0\msvc2019_64\include\QtCore\qtypeinfo.h(270,1): error C2059: syntax error: '>' (compiling source file CartGUI.cpp)
D:\Qt_v2\6.1.0\msvc2019_64\include\QtCore\qtypeinfo.h(270,75): error C2065: 'T': undeclared identifier (compiling source file CartGUI.cpp)
D:\Qt_v2\6.1.0\msvc2019_64\include\QtCore\qtypeinfo.h(270,56): error C2923: 'QTypeTraits::detail::has_operator_equal': 'T' is not a valid template type argument for parameter '<unnamed-symbol>' (compiling source file CartGUI.cpp)
D:\Qt_v2\6.1.0\msvc2019_64\include\QtCore\qtypeinfo.h(270,56): error C2976: 'QTypeTraits::detail::has_operator_equal': too few template arguments (compiling source file CartGUI.cpp)
D:\Qt_v2\6.1.0\msvc2019_64\include\QtCore\qtypeinfo.h(239): message : see declaration of 'QTypeTraits::detail::has_operator_equal' (compiling source file CartGUI.cpp)
D:\Qt_v2\6.1.0\msvc2019_64\include\QtCore\qtypeinfo.h(270,56): error C2059: syntax error: 'function-style cast' (compiling source file CartGUI.cpp)
D:\Qt_v2\6.1.0\msvc2019_64\include\QtCore\qtypeinfo.h(270,78): error C2143: syntax error: missing ';' before '{' (compiling source file CartGUI.cpp)
D:\Qt_v2\6.1.0\msvc2019_64\include\QtCore\qtypeinfo.h(270,78): error C2447: '{': missing function header (old-style formal list?) (compiling source file CartGUI.cpp)
D:\Qt_v2\6.1.0\msvc2019_64\include\QtCore\qtypeinfo.h(276,41): error C2039: 'variant': is not a member of 'std' (compiling source file CartGUI.cpp)
C:\Program Files (x86)\Microsoft Visual Studio\2019\Community\VC\Tools\MSVC\14.28.29910\include\tuple(21): message : see declaration of 'std' (compiling source file CartGUI.cpp)
D:\Qt_v2\6.1.0\msvc2019_64\include\QtCore\qtypeinfo.h(276,1): error C2065: 'variant': undeclared identifier (compiling source file CartGUI.cpp)
D:\Qt_v2\6.1.0\msvc2019_64\include\QtCore\qtypeinfo.h(276,1): error C2974: 'QTypeTraits::detail::expand_operator_equal_tuple': invalid template argument for 'T', type expected (compiling source file CartGUI.cpp)
D:\Qt_v2\6.1.0\msvc2019_64\include\QtCore\qtypeinfo.h(268): message : see declaration of 'QTypeTraits::detail::expand_operator_equal_tuple' (compiling source file CartGUI.cpp)
D:\Qt_v2\6.1.0\msvc2019_64\include\QtCore\qtypeinfo.h(276,1): error C2988: unrecognizable template declaration/definition (compiling source file CartGUI.cpp)
D:\Qt_v2\6.1.0\msvc2019_64\include\QtCore\qtypeinfo.h(276,1): error C2143: syntax error: missing ';' before '>' (compiling source file CartGUI.cpp)
D:\Qt_v2\6.1.0\msvc2019_64\include\QtCore\qtypeinfo.h(276,1): error C3855: 'QTypeTraits::detail::expand_operator_equal_tuple': template parameter 'T' is incompatible with the declaration (compiling source file CartGUI.cpp)
D:\Qt_v2\6.1.0\msvc2019_64\include\QtCore\qtypeinfo.h(276,1): error C2059: syntax error: '>' (compiling source file CartGUI.cpp)
D:\Qt_v2\6.1.0\msvc2019_64\include\QtCore\qtypeinfo.h(276,90): error C2065: 'T': undeclared identifier (compiling source file CartGUI.cpp)
D:\Qt_v2\6.1.0\msvc2019_64\include\QtCore\qtypeinfo.h(276,94): error C3544: 'T': parameter pack expects a type template argument (compiling source file CartGUI.cpp)
D:\Qt_v2\6.1.0\msvc2019_64\include\QtCore\qtypeinfo.h(276,96): error C2059: syntax error: '{' (compiling source file CartGUI.cpp)
D:\Qt_v2\6.1.0\msvc2019_64\include\QtCore\qtypeinfo.h(276,96): error C2143: syntax error: missing ';' before '{' (compiling source file CartGUI.cpp)
D:\Qt_v2\6.1.0\msvc2019_64\include\QtCore\qtypeinfo.h(276,96): error C2447: '{': missing function header (old-style formal list?) (compiling source file CartGUI.cpp)
D:\Qt_v2\6.1.0\msvc2019_64\include\QtCore\qtypeinfo.h(309,45): error C2039: 'variant': is not a member of 'std' (compiling source file CartGUI.cpp)
C:\Program Files (x86)\Microsoft Visual Studio\2019\Community\VC\Tools\MSVC\14.28.29910\include\tuple(21): message : see declaration of 'std' (compiling source file CartGUI.cpp)
D:\Qt_v2\6.1.0\msvc2019_64\include\QtCore\qtypeinfo.h(309,1): error C2065: 'variant': undeclared identifier (compiling source file CartGUI.cpp)
D:\Qt_v2\6.1.0\msvc2019_64\include\QtCore\qtypeinfo.h(309,1): error C2974: 'QTypeTraits::detail::expand_operator_less_than_tuple': invalid template argument for 'T', type expected (compiling source file CartGUI.cpp)
D:\Qt_v2\6.1.0\msvc2019_64\include\QtCore\qtypeinfo.h(303): message : see declaration of 'QTypeTraits::detail::expand_operator_less_than_tuple' (compiling source file CartGUI.cpp)
D:\Qt_v2\6.1.0\msvc2019_64\include\QtCore\qtypeinfo.h(309,1): error C2988: unrecognizable template declaration/definition (compiling source file CartGUI.cpp)
D:\Qt_v2\6.1.0\msvc2019_64\include\QtCore\qtypeinfo.h(309,1): error C2143: syntax error: missing ';' before '>' (compiling source file CartGUI.cpp)
D:\Qt_v2\6.1.0\msvc2019_64\include\QtCore\qtypeinfo.h(309,1): error C3855: 'QTypeTraits::detail::expand_operator_less_than_tuple': template parameter 'T' is incompatible with the declaration (compiling source file CartGUI.cpp)
D:\Qt_v2\6.1.0\msvc2019_64\include\QtCore\qtypeinfo.h(309,1): error C2059: syntax error: '>' (compiling source file CartGUI.cpp)
D:\Qt_v2\6.1.0\msvc2019_64\include\QtCore\qtypeinfo.h(309,98): error C2065: 'T': undeclared identifier (compiling source file CartGUI.cpp)
D:\Qt_v2\6.1.0\msvc2019_64\include\QtCore\qtypeinfo.h(309,102): error C3544: 'T': parameter pack expects a type template argument (compiling source file CartGUI.cpp)
D:\Qt_v2\6.1.0\msvc2019_64\include\QtCore\qtypeinfo.h(309,104): error C2059: syntax error: '{' (compiling source file CartGUI.cpp)
D:\Qt_v2\6.1.0\msvc2019_64\include\QtCore\qtypeinfo.h(309,104): error C2143: syntax error: missing ';' before '{' (compiling source file CartGUI.cpp)
D:\Qt_v2\6.1.0\msvc2019_64\include\QtCore\qtypeinfo.h(309,104): error C2447: '{': missing function header (old-style formal list?) (compiling source file CartGUI.cpp)
D:\Qt_v2\6.1.0\msvc2019_64\include\QtCore\qtypeinfo.h(321,23): error C7525: inline variables require at least '/std:c++17' (compiling source file CartGUI.cpp)
D:\Qt_v2\6.1.0\msvc2019_64\include\QtCore\qtypeinfo.h(326,23): error C7525: inline variables require at least '/std:c++17' (compiling source file CartGUI.cpp)
D:\Qt_v2\6.1.0\msvc2019_64\include\QtCore\qtypeinfo.h(331,23): error C7525: inline variables require at least '/std:c++17' (compiling source file CartGUI.cpp)
D:\Qt_v2\6.1.0\msvc2019_64\include\QtCore\qtypeinfo.h(354,23): error C7525: inline variables require at least '/std:c++17' (compiling source file CartGUI.cpp)
D:\Qt_v2\6.1.0\msvc2019_64\include\QtCore\qtypeinfo.h(362,23): error C7525: inline variables require at least '/std:c++17' (compiling source file CartGUI.cpp)
D:\Qt_v2\6.1.0\msvc2019_64\include\QtCore\qtypeinfo.h(365,23): error C7525: inline variables require at least '/std:c++17' (compiling source file CartGUI.cpp)
  service.cpp
D:\Qt_v2\6.1.0\msvc2019_64\include\QtCore\qnumeric.h(289,18): error C3533: a parameter cannot have a type that contains 'auto' (compiling source file CartGUI.cpp)
D:\Qt_v2\6.1.0\msvc2019_64\include\QtCore\qnumeric.h(289,16): message : 'auto' in non-type template parameters requires at least '/std:c++17' (compiling source file CartGUI.cpp)
D:\Qt_v2\6.1.0\msvc2019_64\include\QtCore\qnumeric.h(299,18): error C3533: a parameter cannot have a type that contains 'auto' (compiling source file CartGUI.cpp)
D:\Qt_v2\6.1.0\msvc2019_64\include\QtCore\qnumeric.h(299,16): message : 'auto' in non-type template parameters requires at least '/std:c++17' (compiling source file CartGUI.cpp)
D:\Qt_v2\6.1.0\msvc2019_64\include\QtCore\qnumeric.h(351,18): error C3533: a parameter cannot have a type that contains 'auto' (compiling source file CartGUI.cpp)
D:\Qt_v2\6.1.0\msvc2019_64\include\QtCore\qnumeric.h(351,16): message : 'auto' in non-type template parameters requires at least '/std:c++17' (compiling source file CartGUI.cpp)
D:\Qt_v2\6.1.0\msvc2019_64\include\QtCore\qnamespace.h(1608,37): error C7525: inline variables require at least '/std:c++17' (compiling source file CartGUI.cpp)
D:\Qt_v2\6.1.0\msvc2019_64\include\QtCore\qcontainertools_impl.h(229,48): error C2065: 'invoke_result_t': undeclared identifier (compiling source file CartGUI.cpp)
D:\Qt_v2\6.1.0\msvc2019_64\include\QtCore\qcontainertools_impl.h(230): message : see reference to class template instantiation 'QtPrivate::is_invoke_result_explicitly_convertible<R,F,ArgTypes...>' being compiled (compiling source file CartGUI.cpp)
D:\Qt_v2\6.1.0\msvc2019_64\include\QtCore\qcontainertools_impl.h(229,48): error C3544: '_Args': parameter pack expects a type template argument (compiling source file CartGUI.cpp)
D:\Qt_v2\6.1.0\msvc2019_64\include\QtCore\qcontainertools_impl.h(229,48): error C2955: 'std::is_constructible': use of class template requires template argument list (compiling source file CartGUI.cpp)
C:\Program Files (x86)\Microsoft Visual Studio\2019\Community\VC\Tools\MSVC\14.28.29910\include\type_traits(622): message : see declaration of 'std::is_constructible' (compiling source file CartGUI.cpp)
D:\Qt_v2\6.1.0\msvc2019_64\include\QtCore\qcontainertools_impl.h(229,110): error C2143: syntax error: missing ',' before '>' (compiling source file CartGUI.cpp)
D:\Qt_v2\6.1.0\msvc2019_64\include\QtCore\qbytearrayview.h(55): error C2065: 'byte': undeclared identifier (compiling source file CartGUI.cpp)
D:\Qt_v2\6.1.0\msvc2019_64\include\QtCore\qbytearrayview.h(59): message : see reference to class template instantiation 'QtPrivate::IsCompatibleByteTypeHelper<Byte>' being compiled (compiling source file CartGUI.cpp)
D:\Qt_v2\6.1.0\msvc2019_64\include\QtCore\qbytearrayview.h(59,35): error C2923: 'std::is_same_v': 'byte' is not a valid template type argument for parameter '<unnamed-symbol>' (compiling source file CartGUI.cpp)
D:\Qt_v2\6.1.0\msvc2019_64\include\QtCore\qbytearrayview.h(55): error C2062: type 'unknown-type' unexpected (compiling source file CartGUI.cpp)
D:\Qt_v2\6.1.0\msvc2019_64\include\QtCore\qbytearrayview.h(59,63): error C3770: 'unknown-type': is not a valid base class (compiling source file CartGUI.cpp)
D:\Qt_v2\6.1.0\msvc2019_64\include\QtCore\qbytearrayview.h(153,32): error C3615: constexpr function 'QByteArrayView::lengthHelperCharArray' cannot result in a constant expression (compiling source file CartGUI.cpp)
D:\Qt_v2\6.1.0\msvc2019_64\include\QtCore\qbytearrayview.h(155,53): message : failure was caused by call of undefined function or one not declared 'constexpr' (compiling source file CartGUI.cpp)
D:\Qt_v2\6.1.0\msvc2019_64\include\QtCore\qbytearrayview.h(155,53): message : see usage of 'std::_Narrow_char_traits<char,int>::find' (compiling source file CartGUI.cpp)
D:\Qt_v2\6.1.0\msvc2019_64\include\QtCore\qbytearrayview.h(157,39): message : failure was caused by call of undefined function or one not declared 'constexpr' (compiling source file CartGUI.cpp)
D:\Qt_v2\6.1.0\msvc2019_64\include\QtCore\qbytearrayview.h(157,39): message : see usage of 'std::distance' (compiling source file CartGUI.cpp)
D:\Qt_v2\6.1.0\msvc2019_64\include\QtCore\qbytearrayview.h(59,56): error C2039: 'byte': is not a member of 'std' (compiling source file CartGUI.cpp)
C:\Program Files (x86)\Microsoft Visual Studio\2019\Community\VC\Tools\MSVC\14.28.29910\include\string(24): message : see declaration of 'std' (compiling source file CartGUI.cpp)
D:\Qt_v2\6.1.0\msvc2019_64\include\QtCore\qbytearrayview.h(64): message : see reference to class template instantiation 'QtPrivate::IsCompatibleByteTypeHelper<char>' being compiled (compiling source file CartGUI.cpp)
D:\Qt_v2\6.1.0\msvc2019_64\include\QtCore\qbytearrayview.h(228): message : see reference to class template instantiation 'QtPrivate::IsCompatibleByteType<const QByteArrayView::value_type>' being compiled (compiling source file CartGUI.cpp)
D:\Qt_v2\6.1.0\msvc2019_64\include\QtCore\qbytearrayview.h(172): message : see reference to alias template instantiation 'QByteArrayView::if_compatible_byte<const QByteArrayView::value_type>' being compiled (compiling source file CartGUI.cpp)
D:\Qt_v2\6.1.0\msvc2019_64\include\QtCore\qbytearrayview.h(228,5): error C2440: '<function-style-cast>': cannot convert from 'initializer list' to 'QByteArrayView' (compiling source file CartGUI.cpp)
D:\Qt_v2\6.1.0\msvc2019_64\include\QtCore\qbytearrayview.h(228,5): message : No constructor could take the source type, or constructor overload resolution was ambiguous (compiling source file CartGUI.cpp)
D:\Qt_v2\6.1.0\msvc2019_64\include\QtCore\qbytearrayview.h(227,44): error C3615: constexpr function 'QByteArrayView::first' cannot result in a constant expression (compiling source file CartGUI.cpp)
D:\Qt_v2\6.1.0\msvc2019_64\include\QtCore\qbytearrayview.h(228): message : failure was caused by control reaching the end of a constexpr function (compiling source file CartGUI.cpp)
D:\Qt_v2\6.1.0\msvc2019_64\include\QtCore\qbytearrayview.h(230,5): error C2440: '<function-style-cast>': cannot convert from 'initializer list' to 'QByteArrayView' (compiling source file CartGUI.cpp)
D:\Qt_v2\6.1.0\msvc2019_64\include\QtCore\qbytearrayview.h(230,5): message : No constructor could take the source type, or constructor overload resolution was ambiguous (compiling source file CartGUI.cpp)
D:\Qt_v2\6.1.0\msvc2019_64\include\QtCore\qbytearrayview.h(229,44): error C3615: constexpr function 'QByteArrayView::last' cannot result in a constant expression (compiling source file CartGUI.cpp)
D:\Qt_v2\6.1.0\msvc2019_64\include\QtCore\qbytearrayview.h(230): message : failure was caused by control reaching the end of a constexpr function (compiling source file CartGUI.cpp)
D:\Qt_v2\6.1.0\msvc2019_64\include\QtCore\qbytearrayview.h(232,5): error C2440: '<function-style-cast>': cannot convert from 'initializer list' to 'QByteArrayView' (compiling source file CartGUI.cpp)
D:\Qt_v2\6.1.0\msvc2019_64\include\QtCore\qbytearrayview.h(232,5): message : No constructor could take the source type, or constructor overload resolution was ambiguous (compiling source file CartGUI.cpp)
D:\Qt_v2\6.1.0\msvc2019_64\include\QtCore\qbytearrayview.h(231,44): error C3615: constexpr function 'QByteArrayView::sliced' cannot result in a constant expression (compiling source file CartGUI.cpp)
D:\Qt_v2\6.1.0\msvc2019_64\include\QtCore\qbytearrayview.h(232): message : failure was caused by control reaching the end of a constexpr function (compiling source file CartGUI.cpp)
D:\Qt_v2\6.1.0\msvc2019_64\include\QtCore\qbytearrayview.h(234,5): error C2440: '<function-style-cast>': cannot convert from 'initializer list' to 'QByteArrayView' (compiling source file CartGUI.cpp)
D:\Qt_v2\6.1.0\msvc2019_64\include\QtCore\qbytearrayview.h(234,5): message : No constructor could take the source type, or constructor overload resolution was ambiguous (compiling source file CartGUI.cpp)
D:\Qt_v2\6.1.0\msvc2019_64\include\QtCore\qbytearrayview.h(233,44): error C3615: constexpr function 'QByteArrayView::sliced' cannot result in a constant expression (compiling source file CartGUI.cpp)
D:\Qt_v2\6.1.0\msvc2019_64\include\QtCore\qbytearrayview.h(234): message : failure was caused by control reaching the end of a constexpr function (compiling source file CartGUI.cpp)
D:\Qt_v2\6.1.0\msvc2019_64\include\QtCore\qbytearrayview.h(256,5): error C2440: '<function-style-cast>': cannot convert from 'initializer list' to 'QByteArrayView' (compiling source file CartGUI.cpp)
D:\Qt_v2\6.1.0\msvc2019_64\include\QtCore\qbytearrayview.h(256,5): message : No constructor could take the source type, or constructor overload resolution was ambiguous (compiling source file CartGUI.cpp)
D:\Qt_v2\6.1.0\msvc2019_64\include\QtCore\qbytearrayview.h(256,5): error C2660: 'QtPrivate::findByteArray': function does not take 2 arguments (compiling source file CartGUI.cpp)
D:\Qt_v2\6.1.0\msvc2019_64\include\QtCore\qbytearrayalgorithms.h(62,11): message : see declaration of 'QtPrivate::findByteArray' (compiling source file CartGUI.cpp)
D:\Qt_v2\6.1.0\msvc2019_64\include\QtCore\qbytearrayview.h(266,5): error C2440: '<function-style-cast>': cannot convert from 'initializer list' to 'QByteArrayView' (compiling source file CartGUI.cpp)
D:\Qt_v2\6.1.0\msvc2019_64\include\QtCore\qbytearrayview.h(266,5): message : No constructor could take the source type, or constructor overload resolution was ambiguous (compiling source file CartGUI.cpp)
D:\Qt_v2\6.1.0\msvc2019_64\include\QtCore\qbytearrayview.h(266,5): error C2660: 'QtPrivate::lastIndexOf': function does not take 2 arguments (compiling source file CartGUI.cpp)
D:\Qt_v2\6.1.0\msvc2019_64\include\QtCore\qbytearrayalgorithms.h(65,11): message : see declaration of 'QtPrivate::lastIndexOf' (compiling source file CartGUI.cpp)
D:\Qt_v2\6.1.0\msvc2019_64\include\QtCore\qbytearrayview.h(271,5): error C2440: '<function-style-cast>': cannot convert from 'initializer list' to 'QByteArrayView' (compiling source file CartGUI.cpp)
D:\Qt_v2\6.1.0\msvc2019_64\include\QtCore\qbytearrayview.h(271,5): message : No constructor could take the source type, or constructor overload resolution was ambiguous (compiling source file CartGUI.cpp)
D:\Qt_v2\6.1.0\msvc2019_64\include\QtCore\qbytearrayview.h(271,5): error C2660: 'QtPrivate::count': function does not take 1 arguments (compiling source file CartGUI.cpp)
D:\Qt_v2\6.1.0\msvc2019_64\include\QtCore\qbytearrayalgorithms.h(68,11): message : see declaration of 'QtPrivate::count' (compiling source file CartGUI.cpp)
D:\Qt_v2\6.1.0\msvc2019_64\include\QtCore\qbytearrayview.h(280,52): error C3615: constexpr function 'QByteArrayView::rbegin' cannot result in a constant expression (compiling source file CartGUI.cpp)
D:\Qt_v2\6.1.0\msvc2019_64\include\QtCore\qbytearrayview.h(280,108): message : failure was caused by call of undefined function or one not declared 'constexpr' (compiling source file CartGUI.cpp)
D:\Qt_v2\6.1.0\msvc2019_64\include\QtCore\qbytearrayview.h(280,108): message : see usage of 'std::reverse_iterator<QByteArrayView::iterator>::reverse_iterator' (compiling source file CartGUI.cpp)
D:\Qt_v2\6.1.0\msvc2019_64\include\QtCore\qbytearrayview.h(281,52): error C3615: constexpr function 'QByteArrayView::rend' cannot result in a constant expression (compiling source file CartGUI.cpp)
D:\Qt_v2\6.1.0\msvc2019_64\include\QtCore\qbytearrayview.h(281,108): message : failure was caused by call of undefined function or one not declared 'constexpr' (compiling source file CartGUI.cpp)
D:\Qt_v2\6.1.0\msvc2019_64\include\QtCore\qbytearrayview.h(281,108): message : see usage of 'std::reverse_iterator<QByteArrayView::iterator>::reverse_iterator' (compiling source file CartGUI.cpp)
D:\Qt_v2\6.1.0\msvc2019_64\include\QtCore\qbytearray.h(129,41): error C2440: '<function-style-cast>': cannot convert from 'initializer list' to 'QByteArrayView' (compiling source file CartGUI.cpp)
D:\Qt_v2\6.1.0\msvc2019_64\include\QtCore\qbytearray.h(129,41): message : No constructor could take the source type, or constructor overload resolution was ambiguous (compiling source file CartGUI.cpp)
D:\Qt_v2\6.1.0\msvc2019_64\include\QtCore\qbytearray.h(289,5): error C2440: '<function-style-cast>': cannot convert from 'initializer list' to 'QByteArrayView' (compiling source file CartGUI.cpp)
D:\Qt_v2\6.1.0\msvc2019_64\include\QtCore\qbytearray.h(289,5): message : No constructor could take the source type, or constructor overload resolution was ambiguous (compiling source file CartGUI.cpp)
D:\Qt_v2\6.1.0\msvc2019_64\include\QtCore\qbytearray.h(289,5): error C2661: 'QByteArray::insert': no overloaded function takes 1 arguments (compiling source file CartGUI.cpp)
D:\Qt_v2\6.1.0\msvc2019_64\include\QtCore\qbytearray.h(292,5): error C2440: '<function-style-cast>': cannot convert from 'initializer list' to 'QByteArrayView' (compiling source file CartGUI.cpp)
D:\Qt_v2\6.1.0\msvc2019_64\include\QtCore\qbytearray.h(292,5): message : No constructor could take the source type, or constructor overload resolution was ambiguous (compiling source file CartGUI.cpp)
D:\Qt_v2\6.1.0\msvc2019_64\include\QtCore\qbytearray.h(292,5): error C2661: 'QByteArray::insert': no overloaded function takes 1 arguments (compiling source file CartGUI.cpp)
D:\Qt_v2\6.1.0\msvc2019_64\include\QtCore\qbytearray.h(294,5): error C2440: '<function-style-cast>': cannot convert from 'initializer list' to 'QByteArrayView' (compiling source file CartGUI.cpp)
D:\Qt_v2\6.1.0\msvc2019_64\include\QtCore\qbytearray.h(294,5): message : No constructor could take the source type, or constructor overload resolution was ambiguous (compiling source file CartGUI.cpp)
D:\Qt_v2\6.1.0\msvc2019_64\include\QtCore\qbytearray.h(294,5): error C2661: 'QByteArray::insert': no overloaded function takes 1 arguments (compiling source file CartGUI.cpp)
D:\Qt_v2\6.1.0\msvc2019_64\include\QtCore\qbytearray.h(302,5): error C2440: '<function-style-cast>': cannot convert from 'initializer list' to 'QByteArrayView' (compiling source file CartGUI.cpp)
D:\Qt_v2\6.1.0\msvc2019_64\include\QtCore\qbytearray.h(302,5): message : No constructor could take the source type, or constructor overload resolution was ambiguous (compiling source file CartGUI.cpp)
D:\Qt_v2\6.1.0\msvc2019_64\include\QtCore\qbytearray.h(304,5): error C2440: '<function-style-cast>': cannot convert from 'initializer list' to 'QByteArrayView' (compiling source file CartGUI.cpp)
D:\Qt_v2\6.1.0\msvc2019_64\include\QtCore\qbytearray.h(304,5): message : No constructor could take the source type, or constructor overload resolution was ambiguous (compiling source file CartGUI.cpp)
D:\Qt_v2\6.1.0\msvc2019_64\include\QtCore\qbytearray.h(311,5): error C2440: '<function-style-cast>': cannot convert from 'const char *' to 'QByteArrayView' (compiling source file CartGUI.cpp)
D:\Qt_v2\6.1.0\msvc2019_64\include\QtCore\qbytearray.h(311,5): message : No constructor could take the source type, or constructor overload resolution was ambiguous (compiling source file CartGUI.cpp)
D:\Qt_v2\6.1.0\msvc2019_64\include\QtCore\qbytearray.h(311,5): error C2661: 'QByteArray::insert': no overloaded function takes 1 arguments (compiling source file CartGUI.cpp)
C:\Program Files (x86)\Microsoft Visual Studio\2019\Community\VC\Tools\MSVC\14.28.29910\include\type_traits(62,61): error C2039: 'value': is not a member of 'QtPrivate::IsCompatibleByteArrayPointer<const char *>' (compiling source file CartGUI.cpp)
D:\Qt_v2\6.1.0\msvc2019_64\include\QtCore\qbytearrayview.h(129): message : see declaration of 'QtPrivate::IsCompatibleByteArrayPointer<const char *>' (compiling source file CartGUI.cpp)
C:\Program Files (x86)\Microsoft Visual Studio\2019\Community\VC\Tools\MSVC\14.28.29910\include\type_traits(67): message : see reference to class template instantiation 'std::conjunction<QtPrivate::IsCompatibleByteArrayPointer<const char *>,std::is_convertible<qsizetype,qsizetype>,QtPrivate::IsCompatibleByteType<const QByteArrayView::value_type>,std::is_convertible<bool,bool>,std::negation<std::is_same<QByteArray,QByteArray>>,std::negation<std::is_array<QByteArray>>,std::negation<std::is_same<QByteArray,QByteArrayView>>>' being compiled (compiling source file CartGUI.cpp)
C:\Program Files (x86)\Microsoft Visual Studio\2019\Community\VC\Tools\MSVC\14.28.29910\include\type_traits(62): message : see reference to variable template 'const bool conjunction_v<QtPrivate::IsCompatibleByteArrayPointer<char const *>,std::is_convertible<__int64,__int64>,QtPrivate::IsCompatibleByteType<char>,std::is_convertible<bool,bool>,std::negation<std::is_same<QByteArray,QByteArray> >,std::negation<std::is_array<QByteArray> >,std::negation<std::is_same<QByteArray,QByteArrayView> > >' being compiled (compiling source file CartGUI.cpp)
D:\Qt_v2\6.1.0\msvc2019_64\include\QtCore\qbytearrayview.h(199): message : see reference to alias template instantiation 'QByteArrayView::if_compatible_container<QByteArray>' being compiled (compiling source file CartGUI.cpp)
C:\Program Files (x86)\Microsoft Visual Studio\2019\Community\VC\Tools\MSVC\14.28.29910\include\type_traits(62,92): error C2065: 'value': undeclared identifier (compiling source file CartGUI.cpp)
C:\Program Files (x86)\Microsoft Visual Studio\2019\Community\VC\Tools\MSVC\14.28.29910\include\type_traits(62,92): error C2975: '_First_value': invalid template argument for 'std::_Conjunction', expected compile-time constant expression (compiling source file CartGUI.cpp)
C:\Program Files (x86)\Microsoft Visual Studio\2019\Community\VC\Tools\MSVC\14.28.29910\include\type_traits(48): message : see declaration of '_First_value' (compiling source file CartGUI.cpp)
C:\Program Files (x86)\Microsoft Visual Studio\2019\Community\VC\Tools\MSVC\14.28.29910\include\type_traits(67,69): error C2039: 'value': is not a member of 'std::conjunction<QtPrivate::IsCompatibleByteArrayPointer<const char *>,std::is_convertible<qsizetype,qsizetype>,QtPrivate::IsCompatibleByteType<const QByteArrayView::value_type>,std::is_convertible<bool,bool>,std::negation<std::is_same<QByteArray,QByteArray>>,std::negation<std::is_array<QByteArray>>,std::negation<std::is_same<QByteArray,QByteArrayView>>>' (compiling source file CartGUI.cpp)
C:\Program Files (x86)\Microsoft Visual Studio\2019\Community\VC\Tools\MSVC\14.28.29910\include\type_traits(67): message : see declaration of 'std::conjunction<QtPrivate::IsCompatibleByteArrayPointer<const char *>,std::is_convertible<qsizetype,qsizetype>,QtPrivate::IsCompatibleByteType<const QByteArrayView::value_type>,std::is_convertible<bool,bool>,std::negation<std::is_same<QByteArray,QByteArray>>,std::negation<std::is_array<QByteArray>>,std::negation<std::is_same<QByteArray,QByteArrayView>>>' (compiling source file CartGUI.cpp)
C:\Program Files (x86)\Microsoft Visual Studio\2019\Community\VC\Tools\MSVC\14.28.29910\include\type_traits(67,44): error C2065: 'value': undeclared identifier (compiling source file CartGUI.cpp)
C:\Program Files (x86)\Microsoft Visual Studio\2019\Community\VC\Tools\MSVC\14.28.29910\include\type_traits(67,44): error C2131: expression did not evaluate to a constant (compiling source file CartGUI.cpp)
C:\Program Files (x86)\Microsoft Visual Studio\2019\Community\VC\Tools\MSVC\14.28.29910\include\type_traits(67,44): message : a non-constant (sub-)expression was encountered (compiling source file CartGUI.cpp)
D:\Qt_v2\6.1.0\msvc2019_64\include\QtCore\qbytearray.h(313,5): error C2440: '<function-style-cast>': cannot convert from 'const QByteArray' to 'QByteArrayView' (compiling source file CartGUI.cpp)
D:\Qt_v2\6.1.0\msvc2019_64\include\QtCore\qbytearray.h(313,5): message : No constructor could take the source type, or constructor overload resolution was ambiguous (compiling source file CartGUI.cpp)
D:\Qt_v2\6.1.0\msvc2019_64\include\QtCore\qbytearray.h(313,5): error C2661: 'QByteArray::insert': no overloaded function takes 1 arguments (compiling source file CartGUI.cpp)
D:\Qt_v2\6.1.0\msvc2019_64\include\QtCore\qbytearray.h(316,5): error C2440: '<function-style-cast>': cannot convert from 'initializer list' to 'QByteArrayView' (compiling source file CartGUI.cpp)
D:\Qt_v2\6.1.0\msvc2019_64\include\QtCore\qbytearray.h(316,5): message : No constructor could take the source type, or constructor overload resolution was ambiguous (compiling source file CartGUI.cpp)
D:\Qt_v2\6.1.0\msvc2019_64\include\QtCore\qbytearray.h(316,5): error C2661: 'QByteArray::insert': no overloaded function takes 1 arguments (compiling source file CartGUI.cpp)
D:\Qt_v2\6.1.0\msvc2019_64\include\QtCore\qbytearray.h(318,5): error C2440: '<function-style-cast>': cannot convert from 'initializer list' to 'QByteArrayView' (compiling source file CartGUI.cpp)
D:\Qt_v2\6.1.0\msvc2019_64\include\QtCore\qbytearray.h(318,5): message : No constructor could take the source type, or constructor overload resolution was ambiguous (compiling source file CartGUI.cpp)
D:\Qt_v2\6.1.0\msvc2019_64\include\QtCore\qbytearray.h(318,5): error C2661: 'QByteArray::insert': no overloaded function takes 1 arguments (compiling source file CartGUI.cpp)
D:\Qt_v2\6.1.0\msvc2019_64\include\QtCore\qbytearray.h(318,5): fatal error C1003: error count exceeds 100; stopping compilation (compiling source file CartGUI.cpp)
  tests.cpp
  ui.cpp
  UndoAction.cpp
  validator.cpp
  Book.cpp
  Cart.cpp
  errors.cpp
  FileRepository.cpp
  GUI.cpp
  LabRepository.cpp
D:\Qt_v2\6.1.0\msvc2019_64\include\QtCore\qglobal.h(387,31): error C7525: inline variables require at least '/std:c++17' (compiling source file GUI.cpp)
D:\Qt_v2\6.1.0\msvc2019_64\include\QtCore\qglobal.h(1261,65): error C7525: inline variables require at least '/std:c++17' (compiling source file GUI.cpp)
D:\Qt_v2\6.1.0\msvc2019_64\include\QtCore\qglobal.h(1262,70): error C7525: inline variables require at least '/std:c++17' (compiling source file GUI.cpp)
D:\Qt_v2\6.1.0\msvc2019_64\include\QtCore\qglobal.h(1263,73): error C7525: inline variables require at least '/std:c++17' (compiling source file GUI.cpp)
  The contents of <variant> are available only with C++17 or later.
  The contents of <optional> are available only with C++17 or later.
D:\Qt_v2\6.1.0\msvc2019_64\include\QtCore\qtypeinfo.h(58,23): error C7525: inline variables require at least '/std:c++17' (compiling source file GUI.cpp)
D:\Qt_v2\6.1.0\msvc2019_64\include\QtCore\qtypeinfo.h(111,1): error C2429: language feature 'terse static assert' requires compiler flag '/std:c++17' (compiling source file GUI.cpp)
D:\Qt_v2\6.1.0\msvc2019_64\include\QtCore\qtypeinfo.h(117): message : see reference to class template instantiation 'QTypeInfoMerger<T,Ts...>' being compiled (compiling source file GUI.cpp)
D:\Qt_v2\6.1.0\msvc2019_64\include\QtCore\qtypeinfo.h(270,41): error C2039: 'optional': is not a member of 'std' (compiling source file GUI.cpp)
C:\Program Files (x86)\Microsoft Visual Studio\2019\Community\VC\Tools\MSVC\14.28.29910\include\tuple(21): message : see declaration of 'std' (compiling source file GUI.cpp)
D:\Qt_v2\6.1.0\msvc2019_64\include\QtCore\qtypeinfo.h(270,1): error C2065: 'optional': undeclared identifier (compiling source file GUI.cpp)
D:\Qt_v2\6.1.0\msvc2019_64\include\QtCore\qtypeinfo.h(270,1): error C2974: 'QTypeTraits::detail::expand_operator_equal_tuple': invalid template argument for 'T', type expected (compiling source file GUI.cpp)
D:\Qt_v2\6.1.0\msvc2019_64\include\QtCore\qtypeinfo.h(268): message : see declaration of 'QTypeTraits::detail::expand_operator_equal_tuple' (compiling source file GUI.cpp)
D:\Qt_v2\6.1.0\msvc2019_64\include\QtCore\qtypeinfo.h(270,1): error C2988: unrecognizable template declaration/definition (compiling source file GUI.cpp)
D:\Qt_v2\6.1.0\msvc2019_64\include\QtCore\qtypeinfo.h(270,1): error C2143: syntax error: missing ';' before '>' (compiling source file GUI.cpp)
D:\Qt_v2\6.1.0\msvc2019_64\include\QtCore\qtypeinfo.h(270,1): error C2059: syntax error: '>' (compiling source file GUI.cpp)
D:\Qt_v2\6.1.0\msvc2019_64\include\QtCore\qtypeinfo.h(270,75): error C2065: 'T': undeclared identifier (compiling source file GUI.cpp)
D:\Qt_v2\6.1.0\msvc2019_64\include\QtCore\qtypeinfo.h(270,56): error C2923: 'QTypeTraits::detail::has_operator_equal': 'T' is not a valid template type argument for parameter '<unnamed-symbol>' (compiling source file GUI.cpp)
D:\Qt_v2\6.1.0\msvc2019_64\include\QtCore\qtypeinfo.h(270,56): error C2976: 'QTypeTraits::detail::has_operator_equal': too few template arguments (compiling source file GUI.cpp)
D:\Qt_v2\6.1.0\msvc2019_64\include\QtCore\qtypeinfo.h(239): message : see declaration of 'QTypeTraits::detail::has_operator_equal' (compiling source file GUI.cpp)
D:\Qt_v2\6.1.0\msvc2019_64\include\QtCore\qtypeinfo.h(270,56): error C2059: syntax error: 'function-style cast' (compiling source file GUI.cpp)
D:\Qt_v2\6.1.0\msvc2019_64\include\QtCore\qtypeinfo.h(270,78): error C2143: syntax error: missing ';' before '{' (compiling source file GUI.cpp)
D:\Qt_v2\6.1.0\msvc2019_64\include\QtCore\qtypeinfo.h(270,78): error C2447: '{': missing function header (old-style formal list?) (compiling source file GUI.cpp)
D:\Qt_v2\6.1.0\msvc2019_64\include\QtCore\qtypeinfo.h(276,41): error C2039: 'variant': is not a member of 'std' (compiling source file GUI.cpp)
C:\Program Files (x86)\Microsoft Visual Studio\2019\Community\VC\Tools\MSVC\14.28.29910\include\tuple(21): message : see declaration of 'std' (compiling source file GUI.cpp)
D:\Qt_v2\6.1.0\msvc2019_64\include\QtCore\qtypeinfo.h(276,1): error C2065: 'variant': undeclared identifier (compiling source file GUI.cpp)
D:\Qt_v2\6.1.0\msvc2019_64\include\QtCore\qtypeinfo.h(276,1): error C2974: 'QTypeTraits::detail::expand_operator_equal_tuple': invalid template argument for 'T', type expected (compiling source file GUI.cpp)
D:\Qt_v2\6.1.0\msvc2019_64\include\QtCore\qtypeinfo.h(268): message : see declaration of 'QTypeTraits::detail::expand_operator_equal_tuple' (compiling source file GUI.cpp)
D:\Qt_v2\6.1.0\msvc2019_64\include\QtCore\qtypeinfo.h(276,1): error C2988: unrecognizable template declaration/definition (compiling source file GUI.cpp)
D:\Qt_v2\6.1.0\msvc2019_64\include\QtCore\qtypeinfo.h(276,1): error C2143: syntax error: missing ';' before '>' (compiling source file GUI.cpp)
D:\Qt_v2\6.1.0\msvc2019_64\include\QtCore\qtypeinfo.h(276,1): error C3855: 'QTypeTraits::detail::expand_operator_equal_tuple': template parameter 'T' is incompatible with the declaration (compiling source file GUI.cpp)
D:\Qt_v2\6.1.0\msvc2019_64\include\QtCore\qtypeinfo.h(276,1): error C2059: syntax error: '>' (compiling source file GUI.cpp)
D:\Qt_v2\6.1.0\msvc2019_64\include\QtCore\qtypeinfo.h(276,90): error C2065: 'T': undeclared identifier (compiling source file GUI.cpp)
D:\Qt_v2\6.1.0\msvc2019_64\include\QtCore\qtypeinfo.h(276,94): error C3544: 'T': parameter pack expects a type template argument (compiling source file GUI.cpp)
D:\Qt_v2\6.1.0\msvc2019_64\include\QtCore\qtypeinfo.h(276,96): error C2059: syntax error: '{' (compiling source file GUI.cpp)
D:\Qt_v2\6.1.0\msvc2019_64\include\QtCore\qtypeinfo.h(276,96): error C2143: syntax error: missing ';' before '{' (compiling source file GUI.cpp)
D:\Qt_v2\6.1.0\msvc2019_64\include\QtCore\qtypeinfo.h(276,96): error C2447: '{': missing function header (old-style formal list?) (compiling source file GUI.cpp)
D:\Qt_v2\6.1.0\msvc2019_64\include\QtCore\qtypeinfo.h(309,45): error C2039: 'variant': is not a member of 'std' (compiling source file GUI.cpp)
C:\Program Files (x86)\Microsoft Visual Studio\2019\Community\VC\Tools\MSVC\14.28.29910\include\tuple(21): message : see declaration of 'std' (compiling source file GUI.cpp)
D:\Qt_v2\6.1.0\msvc2019_64\include\QtCore\qtypeinfo.h(309,1): error C2065: 'variant': undeclared identifier (compiling source file GUI.cpp)
D:\Qt_v2\6.1.0\msvc2019_64\include\QtCore\qtypeinfo.h(309,1): error C2974: 'QTypeTraits::detail::expand_operator_less_than_tuple': invalid template argument for 'T', type expected (compiling source file GUI.cpp)
D:\Qt_v2\6.1.0\msvc2019_64\include\QtCore\qtypeinfo.h(303): message : see declaration of 'QTypeTraits::detail::expand_operator_less_than_tuple' (compiling source file GUI.cpp)
D:\Qt_v2\6.1.0\msvc2019_64\include\QtCore\qtypeinfo.h(309,1): error C2988: unrecognizable template declaration/definition (compiling source file GUI.cpp)
D:\Qt_v2\6.1.0\msvc2019_64\include\QtCore\qtypeinfo.h(309,1): error C2143: syntax error: missing ';' before '>' (compiling source file GUI.cpp)
D:\Qt_v2\6.1.0\msvc2019_64\include\QtCore\qtypeinfo.h(309,1): error C3855: 'QTypeTraits::detail::expand_operator_less_than_tuple': template parameter 'T' is incompatible with the declaration (compiling source file GUI.cpp)
D:\Qt_v2\6.1.0\msvc2019_64\include\QtCore\qtypeinfo.h(309,1): error C2059: syntax error: '>' (compiling source file GUI.cpp)
D:\Qt_v2\6.1.0\msvc2019_64\include\QtCore\qtypeinfo.h(309,98): error C2065: 'T': undeclared identifier (compiling source file GUI.cpp)
D:\Qt_v2\6.1.0\msvc2019_64\include\QtCore\qtypeinfo.h(309,102): error C3544: 'T': parameter pack expects a type template argument (compiling source file GUI.cpp)
D:\Qt_v2\6.1.0\msvc2019_64\include\QtCore\qtypeinfo.h(309,104): error C2059: syntax error: '{' (compiling source file GUI.cpp)
D:\Qt_v2\6.1.0\msvc2019_64\include\QtCore\qtypeinfo.h(309,104): error C2143: syntax error: missing ';' before '{' (compiling source file GUI.cpp)
D:\Qt_v2\6.1.0\msvc2019_64\include\QtCore\qtypeinfo.h(309,104): error C2447: '{': missing function header (old-style formal list?) (compiling source file GUI.cpp)
D:\Qt_v2\6.1.0\msvc2019_64\include\QtCore\qtypeinfo.h(321,23): error C7525: inline variables require at least '/std:c++17' (compiling source file GUI.cpp)
D:\Qt_v2\6.1.0\msvc2019_64\include\QtCore\qtypeinfo.h(326,23): error C7525: inline variables require at least '/std:c++17' (compiling source file GUI.cpp)
D:\Qt_v2\6.1.0\msvc2019_64\include\QtCore\qtypeinfo.h(331,23): error C7525: inline variables require at least '/std:c++17' (compiling source file GUI.cpp)
D:\Qt_v2\6.1.0\msvc2019_64\include\QtCore\qtypeinfo.h(354,23): error C7525: inline variables require at least '/std:c++17' (compiling source file GUI.cpp)
D:\Qt_v2\6.1.0\msvc2019_64\include\QtCore\qtypeinfo.h(362,23): error C7525: inline variables require at least '/std:c++17' (compiling source file GUI.cpp)
D:\Qt_v2\6.1.0\msvc2019_64\include\QtCore\qtypeinfo.h(365,23): error C7525: inline variables require at least '/std:c++17' (compiling source file GUI.cpp)
D:\Qt_v2\6.1.0\msvc2019_64\include\QtCore\qnumeric.h(289,18): error C3533: a parameter cannot have a type that contains 'auto' (compiling source file GUI.cpp)
D:\Qt_v2\6.1.0\msvc2019_64\include\QtCore\qnumeric.h(289,16): message : 'auto' in non-type template parameters requires at least '/std:c++17' (compiling source file GUI.cpp)
D:\Qt_v2\6.1.0\msvc2019_64\include\QtCore\qnumeric.h(299,18): error C3533: a parameter cannot have a type that contains 'auto' (compiling source file GUI.cpp)
D:\Qt_v2\6.1.0\msvc2019_64\include\QtCore\qnumeric.h(299,16): message : 'auto' in non-type template parameters requires at least '/std:c++17' (compiling source file GUI.cpp)
D:\Qt_v2\6.1.0\msvc2019_64\include\QtCore\qnumeric.h(351,18): error C3533: a parameter cannot have a type that contains 'auto' (compiling source file GUI.cpp)
D:\Qt_v2\6.1.0\msvc2019_64\include\QtCore\qnumeric.h(351,16): message : 'auto' in non-type template parameters requires at least '/std:c++17' (compiling source file GUI.cpp)
D:\Qt_v2\6.1.0\msvc2019_64\include\QtCore\qnamespace.h(1608,37): error C7525: inline variables require at least '/std:c++17' (compiling source file GUI.cpp)
D:\Qt_v2\6.1.0\msvc2019_64\include\QtCore\qcontainertools_impl.h(229,48): error C2065: 'invoke_result_t': undeclared identifier (compiling source file GUI.cpp)
D:\Qt_v2\6.1.0\msvc2019_64\include\QtCore\qcontainertools_impl.h(230): message : see reference to class template instantiation 'QtPrivate::is_invoke_result_explicitly_convertible<R,F,ArgTypes...>' being compiled (compiling source file GUI.cpp)
D:\Qt_v2\6.1.0\msvc2019_64\include\QtCore\qcontainertools_impl.h(229,48): error C3544: '_Args': parameter pack expects a type template argument (compiling source file GUI.cpp)
D:\Qt_v2\6.1.0\msvc2019_64\include\QtCore\qcontainertools_impl.h(229,48): error C2955: 'std::is_constructible': use of class template requires template argument list (compiling source file GUI.cpp)
C:\Program Files (x86)\Microsoft Visual Studio\2019\Community\VC\Tools\MSVC\14.28.29910\include\type_traits(622): message : see declaration of 'std::is_constructible' (compiling source file GUI.cpp)
D:\Qt_v2\6.1.0\msvc2019_64\include\QtCore\qcontainertools_impl.h(229,110): error C2143: syntax error: missing ',' before '>' (compiling source file GUI.cpp)
  main.cpp
D:\Qt_v2\6.1.0\msvc2019_64\include\QtCore\qbytearrayview.h(55): error C2065: 'byte': undeclared identifier (compiling source file GUI.cpp)
D:\Qt_v2\6.1.0\msvc2019_64\include\QtCore\qbytearrayview.h(59): message : see reference to class template instantiation 'QtPrivate::IsCompatibleByteTypeHelper<Byte>' being compiled (compiling source file GUI.cpp)
D:\Qt_v2\6.1.0\msvc2019_64\include\QtCore\qbytearrayview.h(59,35): error C2923: 'std::is_same_v': 'byte' is not a valid template type argument for parameter '<unnamed-symbol>' (compiling source file GUI.cpp)
D:\Qt_v2\6.1.0\msvc2019_64\include\QtCore\qbytearrayview.h(55): error C2062: type 'unknown-type' unexpected (compiling source file GUI.cpp)
D:\Qt_v2\6.1.0\msvc2019_64\include\QtCore\qbytearrayview.h(59,63): error C3770: 'unknown-type': is not a valid base class (compiling source file GUI.cpp)
D:\Qt_v2\6.1.0\msvc2019_64\include\QtCore\qbytearrayview.h(153,32): error C3615: constexpr function 'QByteArrayView::lengthHelperCharArray' cannot result in a constant expression (compiling source file GUI.cpp)
D:\Qt_v2\6.1.0\msvc2019_64\include\QtCore\qbytearrayview.h(155,53): message : failure was caused by call of undefined function or one not declared 'constexpr' (compiling source file GUI.cpp)
D:\Qt_v2\6.1.0\msvc2019_64\include\QtCore\qbytearrayview.h(155,53): message : see usage of 'std::_Narrow_char_traits<char,int>::find' (compiling source file GUI.cpp)
D:\Qt_v2\6.1.0\msvc2019_64\include\QtCore\qbytearrayview.h(157,39): message : failure was caused by call of undefined function or one not declared 'constexpr' (compiling source file GUI.cpp)
D:\Qt_v2\6.1.0\msvc2019_64\include\QtCore\qbytearrayview.h(157,39): message : see usage of 'std::distance' (compiling source file GUI.cpp)
D:\Qt_v2\6.1.0\msvc2019_64\include\QtCore\qbytearrayview.h(59,56): error C2039: 'byte': is not a member of 'std' (compiling source file GUI.cpp)
C:\Program Files (x86)\Microsoft Visual Studio\2019\Community\VC\Tools\MSVC\14.28.29910\include\string(24): message : see declaration of 'std' (compiling source file GUI.cpp)
D:\Qt_v2\6.1.0\msvc2019_64\include\QtCore\qbytearrayview.h(64): message : see reference to class template instantiation 'QtPrivate::IsCompatibleByteTypeHelper<char>' being compiled (compiling source file GUI.cpp)
D:\Qt_v2\6.1.0\msvc2019_64\include\QtCore\qbytearrayview.h(228): message : see reference to class template instantiation 'QtPrivate::IsCompatibleByteType<const QByteArrayView::value_type>' being compiled (compiling source file GUI.cpp)
D:\Qt_v2\6.1.0\msvc2019_64\include\QtCore\qbytearrayview.h(172): message : see reference to alias template instantiation 'QByteArrayView::if_compatible_byte<const QByteArrayView::value_type>' being compiled (compiling source file GUI.cpp)
D:\Qt_v2\6.1.0\msvc2019_64\include\QtCore\qbytearrayview.h(228,5): error C2440: '<function-style-cast>': cannot convert from 'initializer list' to 'QByteArrayView' (compiling source file GUI.cpp)
D:\Qt_v2\6.1.0\msvc2019_64\include\QtCore\qbytearrayview.h(228,5): message : No constructor could take the source type, or constructor overload resolution was ambiguous (compiling source file GUI.cpp)
D:\Qt_v2\6.1.0\msvc2019_64\include\QtCore\qbytearrayview.h(227,44): error C3615: constexpr function 'QByteArrayView::first' cannot result in a constant expression (compiling source file GUI.cpp)
D:\Qt_v2\6.1.0\msvc2019_64\include\QtCore\qbytearrayview.h(228): message : failure was caused by control reaching the end of a constexpr function (compiling source file GUI.cpp)
D:\Qt_v2\6.1.0\msvc2019_64\include\QtCore\qbytearrayview.h(230,5): error C2440: '<function-style-cast>': cannot convert from 'initializer list' to 'QByteArrayView' (compiling source file GUI.cpp)
D:\Qt_v2\6.1.0\msvc2019_64\include\QtCore\qbytearrayview.h(230,5): message : No constructor could take the source type, or constructor overload resolution was ambiguous (compiling source file GUI.cpp)
D:\Qt_v2\6.1.0\msvc2019_64\include\QtCore\qbytearrayview.h(229,44): error C3615: constexpr function 'QByteArrayView::last' cannot result in a constant expression (compiling source file GUI.cpp)
D:\Qt_v2\6.1.0\msvc2019_64\include\QtCore\qbytearrayview.h(230): message : failure was caused by control reaching the end of a constexpr function (compiling source file GUI.cpp)
D:\Qt_v2\6.1.0\msvc2019_64\include\QtCore\qbytearrayview.h(232,5): error C2440: '<function-style-cast>': cannot convert from 'initializer list' to 'QByteArrayView' (compiling source file GUI.cpp)
D:\Qt_v2\6.1.0\msvc2019_64\include\QtCore\qbytearrayview.h(232,5): message : No constructor could take the source type, or constructor overload resolution was ambiguous (compiling source file GUI.cpp)
D:\Qt_v2\6.1.0\msvc2019_64\include\QtCore\qbytearrayview.h(231,44): error C3615: constexpr function 'QByteArrayView::sliced' cannot result in a constant expression (compiling source file GUI.cpp)
D:\Qt_v2\6.1.0\msvc2019_64\include\QtCore\qbytearrayview.h(232): message : failure was caused by control reaching the end of a constexpr function (compiling source file GUI.cpp)
D:\Qt_v2\6.1.0\msvc2019_64\include\QtCore\qbytearrayview.h(234,5): error C2440: '<function-style-cast>': cannot convert from 'initializer list' to 'QByteArrayView' (compiling source file GUI.cpp)
D:\Qt_v2\6.1.0\msvc2019_64\include\QtCore\qbytearrayview.h(234,5): message : No constructor could take the source type, or constructor overload resolution was ambiguous (compiling source file GUI.cpp)
D:\Qt_v2\6.1.0\msvc2019_64\include\QtCore\qbytearrayview.h(233,44): error C3615: constexpr function 'QByteArrayView::sliced' cannot result in a constant expression (compiling source file GUI.cpp)
D:\Qt_v2\6.1.0\msvc2019_64\include\QtCore\qbytearrayview.h(234): message : failure was caused by control reaching the end of a constexpr function (compiling source file GUI.cpp)
D:\Qt_v2\6.1.0\msvc2019_64\include\QtCore\qbytearrayview.h(256,5): error C2440: '<function-style-cast>': cannot convert from 'initializer list' to 'QByteArrayView' (compiling source file GUI.cpp)
D:\Qt_v2\6.1.0\msvc2019_64\include\QtCore\qbytearrayview.h(256,5): message : No constructor could take the source type, or constructor overload resolution was ambiguous (compiling source file GUI.cpp)
D:\Qt_v2\6.1.0\msvc2019_64\include\QtCore\qbytearrayview.h(256,5): error C2660: 'QtPrivate::findByteArray': function does not take 2 arguments (compiling source file GUI.cpp)
D:\Qt_v2\6.1.0\msvc2019_64\include\QtCore\qbytearrayalgorithms.h(62,11): message : see declaration of 'QtPrivate::findByteArray' (compiling source file GUI.cpp)
D:\Qt_v2\6.1.0\msvc2019_64\include\QtCore\qbytearrayview.h(266,5): error C2440: '<function-style-cast>': cannot convert from 'initializer list' to 'QByteArrayView' (compiling source file GUI.cpp)
D:\Qt_v2\6.1.0\msvc2019_64\include\QtCore\qbytearrayview.h(266,5): message : No constructor could take the source type, or constructor overload resolution was ambiguous (compiling source file GUI.cpp)
D:\Qt_v2\6.1.0\msvc2019_64\include\QtCore\qbytearrayview.h(266,5): error C2660: 'QtPrivate::lastIndexOf': function does not take 2 arguments (compiling source file GUI.cpp)
D:\Qt_v2\6.1.0\msvc2019_64\include\QtCore\qbytearrayalgorithms.h(65,11): message : see declaration of 'QtPrivate::lastIndexOf' (compiling source file GUI.cpp)
D:\Qt_v2\6.1.0\msvc2019_64\include\QtCore\qbytearrayview.h(271,5): error C2440: '<function-style-cast>': cannot convert from 'initializer list' to 'QByteArrayView' (compiling source file GUI.cpp)
D:\Qt_v2\6.1.0\msvc2019_64\include\QtCore\qbytearrayview.h(271,5): message : No constructor could take the source type, or constructor overload resolution was ambiguous (compiling source file GUI.cpp)
D:\Qt_v2\6.1.0\msvc2019_64\include\QtCore\qbytearrayview.h(271,5): error C2660: 'QtPrivate::count': function does not take 1 arguments (compiling source file GUI.cpp)
D:\Qt_v2\6.1.0\msvc2019_64\include\QtCore\qbytearrayalgorithms.h(68,11): message : see declaration of 'QtPrivate::count' (compiling source file GUI.cpp)
D:\Qt_v2\6.1.0\msvc2019_64\include\QtCore\qbytearrayview.h(280,52): error C3615: constexpr function 'QByteArrayView::rbegin' cannot result in a constant expression (compiling source file GUI.cpp)
D:\Qt_v2\6.1.0\msvc2019_64\include\QtCore\qbytearrayview.h(280,108): message : failure was caused by call of undefined function or one not declared 'constexpr' (compiling source file GUI.cpp)
D:\Qt_v2\6.1.0\msvc2019_64\include\QtCore\qbytearrayview.h(280,108): message : see usage of 'std::reverse_iterator<QByteArrayView::iterator>::reverse_iterator' (compiling source file GUI.cpp)
D:\Qt_v2\6.1.0\msvc2019_64\include\QtCore\qbytearrayview.h(281,52): error C3615: constexpr function 'QByteArrayView::rend' cannot result in a constant expression (compiling source file GUI.cpp)
D:\Qt_v2\6.1.0\msvc2019_64\include\QtCore\qbytearrayview.h(281,108): message : failure was caused by call of undefined function or one not declared 'constexpr' (compiling source file GUI.cpp)
D:\Qt_v2\6.1.0\msvc2019_64\include\QtCore\qbytearrayview.h(281,108): message : see usage of 'std::reverse_iterator<QByteArrayView::iterator>::reverse_iterator' (compiling source file GUI.cpp)
D:\Qt_v2\6.1.0\msvc2019_64\include\QtCore\qbytearray.h(129,41): error C2440: '<function-style-cast>': cannot convert from 'initializer list' to 'QByteArrayView' (compiling source file GUI.cpp)
D:\Qt_v2\6.1.0\msvc2019_64\include\QtCore\qbytearray.h(129,41): message : No constructor could take the source type, or constructor overload resolution was ambiguous (compiling source file GUI.cpp)
D:\Qt_v2\6.1.0\msvc2019_64\include\QtCore\qbytearray.h(289,5): error C2440: '<function-style-cast>': cannot convert from 'initializer list' to 'QByteArrayView' (compiling source file GUI.cpp)
D:\Qt_v2\6.1.0\msvc2019_64\include\QtCore\qbytearray.h(289,5): message : No constructor could take the source type, or constructor overload resolution was ambiguous (compiling source file GUI.cpp)
D:\Qt_v2\6.1.0\msvc2019_64\include\QtCore\qbytearray.h(289,5): error C2661: 'QByteArray::insert': no overloaded function takes 1 arguments (compiling source file GUI.cpp)
D:\Qt_v2\6.1.0\msvc2019_64\include\QtCore\qbytearray.h(292,5): error C2440: '<function-style-cast>': cannot convert from 'initializer list' to 'QByteArrayView' (compiling source file GUI.cpp)
D:\Qt_v2\6.1.0\msvc2019_64\include\QtCore\qbytearray.h(292,5): message : No constructor could take the source type, or constructor overload resolution was ambiguous (compiling source file GUI.cpp)
D:\Qt_v2\6.1.0\msvc2019_64\include\QtCore\qbytearray.h(292,5): error C2661: 'QByteArray::insert': no overloaded function takes 1 arguments (compiling source file GUI.cpp)
D:\Qt_v2\6.1.0\msvc2019_64\include\QtCore\qbytearray.h(294,5): error C2440: '<function-style-cast>': cannot convert from 'initializer list' to 'QByteArrayView' (compiling source file GUI.cpp)
D:\Qt_v2\6.1.0\msvc2019_64\include\QtCore\qbytearray.h(294,5): message : No constructor could take the source type, or constructor overload resolution was ambiguous (compiling source file GUI.cpp)
D:\Qt_v2\6.1.0\msvc2019_64\include\QtCore\qbytearray.h(294,5): error C2661: 'QByteArray::insert': no overloaded function takes 1 arguments (compiling source file GUI.cpp)
D:\Qt_v2\6.1.0\msvc2019_64\include\QtCore\qbytearray.h(302,5): error C2440: '<function-style-cast>': cannot convert from 'initializer list' to 'QByteArrayView' (compiling source file GUI.cpp)
D:\Qt_v2\6.1.0\msvc2019_64\include\QtCore\qbytearray.h(302,5): message : No constructor could take the source type, or constructor overload resolution was ambiguous (compiling source file GUI.cpp)
D:\Qt_v2\6.1.0\msvc2019_64\include\QtCore\qbytearray.h(304,5): error C2440: '<function-style-cast>': cannot convert from 'initializer list' to 'QByteArrayView' (compiling source file GUI.cpp)
D:\Qt_v2\6.1.0\msvc2019_64\include\QtCore\qbytearray.h(304,5): message : No constructor could take the source type, or constructor overload resolution was ambiguous (compiling source file GUI.cpp)
D:\Qt_v2\6.1.0\msvc2019_64\include\QtCore\qbytearray.h(311,5): error C2440: '<function-style-cast>': cannot convert from 'const char *' to 'QByteArrayView' (compiling source file GUI.cpp)
D:\Qt_v2\6.1.0\msvc2019_64\include\QtCore\qbytearray.h(311,5): message : No constructor could take the source type, or constructor overload resolution was ambiguous (compiling source file GUI.cpp)
D:\Qt_v2\6.1.0\msvc2019_64\include\QtCore\qbytearray.h(311,5): error C2661: 'QByteArray::insert': no overloaded function takes 1 arguments (compiling source file GUI.cpp)
C:\Program Files (x86)\Microsoft Visual Studio\2019\Community\VC\Tools\MSVC\14.28.29910\include\type_traits(62,61): error C2039: 'value': is not a member of 'QtPrivate::IsCompatibleByteArrayPointer<const char *>' (compiling source file GUI.cpp)
D:\Qt_v2\6.1.0\msvc2019_64\include\QtCore\qbytearrayview.h(129): message : see declaration of 'QtPrivate::IsCompatibleByteArrayPointer<const char *>' (compiling source file GUI.cpp)
C:\Program Files (x86)\Microsoft Visual Studio\2019\Community\VC\Tools\MSVC\14.28.29910\include\type_traits(67): message : see reference to class template instantiation 'std::conjunction<QtPrivate::IsCompatibleByteArrayPointer<const char *>,std::is_convertible<qsizetype,qsizetype>,QtPrivate::IsCompatibleByteType<const QByteArrayView::value_type>,std::is_convertible<bool,bool>,std::negation<std::is_same<QByteArray,QByteArray>>,std::negation<std::is_array<QByteArray>>,std::negation<std::is_same<QByteArray,QByteArrayView>>>' being compiled (compiling source file GUI.cpp)
C:\Program Files (x86)\Microsoft Visual Studio\2019\Community\VC\Tools\MSVC\14.28.29910\include\type_traits(62): message : see reference to variable template 'const bool conjunction_v<QtPrivate::IsCompatibleByteArrayPointer<char const *>,std::is_convertible<__int64,__int64>,QtPrivate::IsCompatibleByteType<char>,std::is_convertible<bool,bool>,std::negation<std::is_same<QByteArray,QByteArray> >,std::negation<std::is_array<QByteArray> >,std::negation<std::is_same<QByteArray,QByteArrayView> > >' being compiled (compiling source file GUI.cpp)
D:\Qt_v2\6.1.0\msvc2019_64\include\QtCore\qbytearrayview.h(199): message : see reference to alias template instantiation 'QByteArrayView::if_compatible_container<QByteArray>' being compiled (compiling source file GUI.cpp)
C:\Program Files (x86)\Microsoft Visual Studio\2019\Community\VC\Tools\MSVC\14.28.29910\include\type_traits(62,92): error C2065: 'value': undeclared identifier (compiling source file GUI.cpp)
C:\Program Files (x86)\Microsoft Visual Studio\2019\Community\VC\Tools\MSVC\14.28.29910\include\type_traits(62,92): error C2975: '_First_value': invalid template argument for 'std::_Conjunction', expected compile-time constant expression (compiling source file GUI.cpp)
C:\Program Files (x86)\Microsoft Visual Studio\2019\Community\VC\Tools\MSVC\14.28.29910\include\type_traits(48): message : see declaration of '_First_value' (compiling source file GUI.cpp)
C:\Program Files (x86)\Microsoft Visual Studio\2019\Community\VC\Tools\MSVC\14.28.29910\include\type_traits(67,69): error C2039: 'value': is not a member of 'std::conjunction<QtPrivate::IsCompatibleByteArrayPointer<const char *>,std::is_convertible<qsizetype,qsizetype>,QtPrivate::IsCompatibleByteType<const QByteArrayView::value_type>,std::is_convertible<bool,bool>,std::negation<std::is_same<QByteArray,QByteArray>>,std::negation<std::is_array<QByteArray>>,std::negation<std::is_same<QByteArray,QByteArrayView>>>' (compiling source file GUI.cpp)
C:\Program Files (x86)\Microsoft Visual Studio\2019\Community\VC\Tools\MSVC\14.28.29910\include\type_traits(67): message : see declaration of 'std::conjunction<QtPrivate::IsCompatibleByteArrayPointer<const char *>,std::is_convertible<qsizetype,qsizetype>,QtPrivate::IsCompatibleByteType<const QByteArrayView::value_type>,std::is_convertible<bool,bool>,std::negation<std::is_same<QByteArray,QByteArray>>,std::negation<std::is_array<QByteArray>>,std::negation<std::is_same<QByteArray,QByteArrayView>>>' (compiling source file GUI.cpp)
C:\Program Files (x86)\Microsoft Visual Studio\2019\Community\VC\Tools\MSVC\14.28.29910\include\type_traits(67,44): error C2065: 'value': undeclared identifier (compiling source file GUI.cpp)
C:\Program Files (x86)\Microsoft Visual Studio\2019\Community\VC\Tools\MSVC\14.28.29910\include\type_traits(67,44): error C2131: expression did not evaluate to a constant (compiling source file GUI.cpp)
C:\Program Files (x86)\Microsoft Visual Studio\2019\Community\VC\Tools\MSVC\14.28.29910\include\type_traits(67,44): message : a non-constant (sub-)expression was encountered (compiling source file GUI.cpp)
D:\Qt_v2\6.1.0\msvc2019_64\include\QtCore\qbytearray.h(313,5): error C2440: '<function-style-cast>': cannot convert from 'const QByteArray' to 'QByteArrayView' (compiling source file GUI.cpp)
D:\Qt_v2\6.1.0\msvc2019_64\include\QtCore\qbytearray.h(313,5): message : No constructor could take the source type, or constructor overload resolution was ambiguous (compiling source file GUI.cpp)
D:\Qt_v2\6.1.0\msvc2019_64\include\QtCore\qbytearray.h(313,5): error C2661: 'QByteArray::insert': no overloaded function takes 1 arguments (compiling source file GUI.cpp)
D:\Qt_v2\6.1.0\msvc2019_64\include\QtCore\qbytearray.h(316,5): error C2440: '<function-style-cast>': cannot convert from 'initializer list' to 'QByteArrayView' (compiling source file GUI.cpp)
D:\Qt_v2\6.1.0\msvc2019_64\include\QtCore\qbytearray.h(316,5): message : No constructor could take the source type, or constructor overload resolution was ambiguous (compiling source file GUI.cpp)
D:\Qt_v2\6.1.0\msvc2019_64\include\QtCore\qbytearray.h(316,5): error C2661: 'QByteArray::insert': no overloaded function takes 1 arguments (compiling source file GUI.cpp)
D:\Qt_v2\6.1.0\msvc2019_64\include\QtCore\qbytearray.h(318,5): error C2440: '<function-style-cast>': cannot convert from 'initializer list' to 'QByteArrayView' (compiling source file GUI.cpp)
D:\Qt_v2\6.1.0\msvc2019_64\include\QtCore\qbytearray.h(318,5): message : No constructor could take the source type, or constructor overload resolution was ambiguous (compiling source file GUI.cpp)
D:\Qt_v2\6.1.0\msvc2019_64\include\QtCore\qbytearray.h(318,5): error C2661: 'QByteArray::insert': no overloaded function takes 1 arguments (compiling source file GUI.cpp)
D:\Qt_v2\6.1.0\msvc2019_64\include\QtCore\qbytearray.h(318,5): fatal error C1003: error count exceeds 100; stopping compilation (compiling source file GUI.cpp)
D:\Qt_v2\6.1.0\msvc2019_64\include\QtCore\qglobal.h(387,31): error C7525: inline variables require at least '/std:c++17' (compiling source file main.cpp)
D:\Qt_v2\6.1.0\msvc2019_64\include\QtCore\qglobal.h(1261,65): error C7525: inline variables require at least '/std:c++17' (compiling source file main.cpp)
D:\Qt_v2\6.1.0\msvc2019_64\include\QtCore\qglobal.h(1262,70): error C7525: inline variables require at least '/std:c++17' (compiling source file main.cpp)
D:\Qt_v2\6.1.0\msvc2019_64\include\QtCore\qglobal.h(1263,73): error C7525: inline variables require at least '/std:c++17' (compiling source file main.cpp)
  The contents of <variant> are available only with C++17 or later.
  The contents of <optional> are available only with C++17 or later.
D:\Qt_v2\6.1.0\msvc2019_64\include\QtCore\qtypeinfo.h(58,23): error C7525: inline variables require at least '/std:c++17' (compiling source file main.cpp)
D:\Qt_v2\6.1.0\msvc2019_64\include\QtCore\qtypeinfo.h(111,1): error C2429: language feature 'terse static assert' requires compiler flag '/std:c++17' (compiling source file main.cpp)
D:\Qt_v2\6.1.0\msvc2019_64\include\QtCore\qtypeinfo.h(117): message : see reference to class template instantiation 'QTypeInfoMerger<T,Ts...>' being compiled (compiling source file main.cpp)
D:\Qt_v2\6.1.0\msvc2019_64\include\QtCore\qtypeinfo.h(270,41): error C2039: 'optional': is not a member of 'std' (compiling source file main.cpp)
C:\Program Files (x86)\Microsoft Visual Studio\2019\Community\VC\Tools\MSVC\14.28.29910\include\tuple(21): message : see declaration of 'std' (compiling source file main.cpp)
D:\Qt_v2\6.1.0\msvc2019_64\include\QtCore\qtypeinfo.h(270,1): error C2065: 'optional': undeclared identifier (compiling source file main.cpp)
D:\Qt_v2\6.1.0\msvc2019_64\include\QtCore\qtypeinfo.h(270,1): error C2974: 'QTypeTraits::detail::expand_operator_equal_tuple': invalid template argument for 'T', type expected (compiling source file main.cpp)
D:\Qt_v2\6.1.0\msvc2019_64\include\QtCore\qtypeinfo.h(268): message : see declaration of 'QTypeTraits::detail::expand_operator_equal_tuple' (compiling source file main.cpp)
D:\Qt_v2\6.1.0\msvc2019_64\include\QtCore\qtypeinfo.h(270,1): error C2988: unrecognizable template declaration/definition (compiling source file main.cpp)
D:\Qt_v2\6.1.0\msvc2019_64\include\QtCore\qtypeinfo.h(270,1): error C2143: syntax error: missing ';' before '>' (compiling source file main.cpp)
D:\Qt_v2\6.1.0\msvc2019_64\include\QtCore\qtypeinfo.h(270,1): error C2059: syntax error: '>' (compiling source file main.cpp)
D:\Qt_v2\6.1.0\msvc2019_64\include\QtCore\qtypeinfo.h(270,75): error C2065: 'T': undeclared identifier (compiling source file main.cpp)
D:\Qt_v2\6.1.0\msvc2019_64\include\QtCore\qtypeinfo.h(270,56): error C2923: 'QTypeTraits::detail::has_operator_equal': 'T' is not a valid template type argument for parameter '<unnamed-symbol>' (compiling source file main.cpp)
D:\Qt_v2\6.1.0\msvc2019_64\include\QtCore\qtypeinfo.h(270,56): error C2976: 'QTypeTraits::detail::has_operator_equal': too few template arguments (compiling source file main.cpp)
D:\Qt_v2\6.1.0\msvc2019_64\include\QtCore\qtypeinfo.h(239): message : see declaration of 'QTypeTraits::detail::has_operator_equal' (compiling source file main.cpp)
D:\Qt_v2\6.1.0\msvc2019_64\include\QtCore\qtypeinfo.h(270,56): error C2059: syntax error: 'function-style cast' (compiling source file main.cpp)
D:\Qt_v2\6.1.0\msvc2019_64\include\QtCore\qtypeinfo.h(270,78): error C2143: syntax error: missing ';' before '{' (compiling source file main.cpp)
D:\Qt_v2\6.1.0\msvc2019_64\include\QtCore\qtypeinfo.h(270,78): error C2447: '{': missing function header (old-style formal list?) (compiling source file main.cpp)
D:\Qt_v2\6.1.0\msvc2019_64\include\QtCore\qtypeinfo.h(276,41): error C2039: 'variant': is not a member of 'std' (compiling source file main.cpp)
C:\Program Files (x86)\Microsoft Visual Studio\2019\Community\VC\Tools\MSVC\14.28.29910\include\tuple(21): message : see declaration of 'std' (compiling source file main.cpp)
D:\Qt_v2\6.1.0\msvc2019_64\include\QtCore\qtypeinfo.h(276,1): error C2065: 'variant': undeclared identifier (compiling source file main.cpp)
D:\Qt_v2\6.1.0\msvc2019_64\include\QtCore\qtypeinfo.h(276,1): error C2974: 'QTypeTraits::detail::expand_operator_equal_tuple': invalid template argument for 'T', type expected (compiling source file main.cpp)
D:\Qt_v2\6.1.0\msvc2019_64\include\QtCore\qtypeinfo.h(268): message : see declaration of 'QTypeTraits::detail::expand_operator_equal_tuple' (compiling source file main.cpp)
D:\Qt_v2\6.1.0\msvc2019_64\include\QtCore\qtypeinfo.h(276,1): error C2988: unrecognizable template declaration/definition (compiling source file main.cpp)
D:\Qt_v2\6.1.0\msvc2019_64\include\QtCore\qtypeinfo.h(276,1): error C2143: syntax error: missing ';' before '>' (compiling source file main.cpp)
D:\Qt_v2\6.1.0\msvc2019_64\include\QtCore\qtypeinfo.h(276,1): error C3855: 'QTypeTraits::detail::expand_operator_equal_tuple': template parameter 'T' is incompatible with the declaration (compiling source file main.cpp)
D:\Qt_v2\6.1.0\msvc2019_64\include\QtCore\qtypeinfo.h(276,1): error C2059: syntax error: '>' (compiling source file main.cpp)
D:\Qt_v2\6.1.0\msvc2019_64\include\QtCore\qtypeinfo.h(276,90): error C2065: 'T': undeclared identifier (compiling source file main.cpp)
D:\Qt_v2\6.1.0\msvc2019_64\include\QtCore\qtypeinfo.h(276,94): error C3544: 'T': parameter pack expects a type template argument (compiling source file main.cpp)
D:\Qt_v2\6.1.0\msvc2019_64\include\QtCore\qtypeinfo.h(276,96): error C2059: syntax error: '{' (compiling source file main.cpp)
D:\Qt_v2\6.1.0\msvc2019_64\include\QtCore\qtypeinfo.h(276,96): error C2143: syntax error: missing ';' before '{' (compiling source file main.cpp)
D:\Qt_v2\6.1.0\msvc2019_64\include\QtCore\qtypeinfo.h(276,96): error C2447: '{': missing function header (old-style formal list?) (compiling source file main.cpp)
D:\Qt_v2\6.1.0\msvc2019_64\include\QtCore\qtypeinfo.h(309,45): error C2039: 'variant': is not a member of 'std' (compiling source file main.cpp)
C:\Program Files (x86)\Microsoft Visual Studio\2019\Community\VC\Tools\MSVC\14.28.29910\include\tuple(21): message : see declaration of 'std' (compiling source file main.cpp)
D:\Qt_v2\6.1.0\msvc2019_64\include\QtCore\qtypeinfo.h(309,1): error C2065: 'variant': undeclared identifier (compiling source file main.cpp)
D:\Qt_v2\6.1.0\msvc2019_64\include\QtCore\qtypeinfo.h(309,1): error C2974: 'QTypeTraits::detail::expand_operator_less_than_tuple': invalid template argument for 'T', type expected (compiling source file main.cpp)
D:\Qt_v2\6.1.0\msvc2019_64\include\QtCore\qtypeinfo.h(303): message : see declaration of 'QTypeTraits::detail::expand_operator_less_than_tuple' (compiling source file main.cpp)
D:\Qt_v2\6.1.0\msvc2019_64\include\QtCore\qtypeinfo.h(309,1): error C2988: unrecognizable template declaration/definition (compiling source file main.cpp)
D:\Qt_v2\6.1.0\msvc2019_64\include\QtCore\qtypeinfo.h(309,1): error C2143: syntax error: missing ';' before '>' (compiling source file main.cpp)
D:\Qt_v2\6.1.0\msvc2019_64\include\QtCore\qtypeinfo.h(309,1): error C3855: 'QTypeTraits::detail::expand_operator_less_than_tuple': template parameter 'T' is incompatible with the declaration (compiling source file main.cpp)
D:\Qt_v2\6.1.0\msvc2019_64\include\QtCore\qtypeinfo.h(309,1): error C2059: syntax error: '>' (compiling source file main.cpp)
D:\Qt_v2\6.1.0\msvc2019_64\include\QtCore\qtypeinfo.h(309,98): error C2065: 'T': undeclared identifier (compiling source file main.cpp)
D:\Qt_v2\6.1.0\msvc2019_64\include\QtCore\qtypeinfo.h(309,102): error C3544: 'T': parameter pack expects a type template argument (compiling source file main.cpp)
D:\Qt_v2\6.1.0\msvc2019_64\include\QtCore\qtypeinfo.h(309,104): error C2059: syntax error: '{' (compiling source file main.cpp)
D:\Qt_v2\6.1.0\msvc2019_64\include\QtCore\qtypeinfo.h(309,104): error C2143: syntax error: missing ';' before '{' (compiling source file main.cpp)
D:\Qt_v2\6.1.0\msvc2019_64\include\QtCore\qtypeinfo.h(309,104): error C2447: '{': missing function header (old-style formal list?) (compiling source file main.cpp)
D:\Qt_v2\6.1.0\msvc2019_64\include\QtCore\qtypeinfo.h(321,23): error C7525: inline variables require at least '/std:c++17' (compiling source file main.cpp)
D:\Qt_v2\6.1.0\msvc2019_64\include\QtCore\qtypeinfo.h(326,23): error C7525: inline variables require at least '/std:c++17' (compiling source file main.cpp)
D:\Qt_v2\6.1.0\msvc2019_64\include\QtCore\qtypeinfo.h(331,23): error C7525: inline variables require at least '/std:c++17' (compiling source file main.cpp)
D:\Qt_v2\6.1.0\msvc2019_64\include\QtCore\qtypeinfo.h(354,23): error C7525: inline variables require at least '/std:c++17' (compiling source file main.cpp)
D:\Qt_v2\6.1.0\msvc2019_64\include\QtCore\qtypeinfo.h(362,23): error C7525: inline variables require at least '/std:c++17' (compiling source file main.cpp)
D:\Qt_v2\6.1.0\msvc2019_64\include\QtCore\qtypeinfo.h(365,23): error C7525: inline variables require at least '/std:c++17' (compiling source file main.cpp)
D:\Qt_v2\6.1.0\msvc2019_64\include\QtCore\qnumeric.h(289,18): error C3533: a parameter cannot have a type that contains 'auto' (compiling source file main.cpp)
D:\Qt_v2\6.1.0\msvc2019_64\include\QtCore\qnumeric.h(289,16): message : 'auto' in non-type template parameters requires at least '/std:c++17' (compiling source file main.cpp)
D:\Qt_v2\6.1.0\msvc2019_64\include\QtCore\qnumeric.h(299,18): error C3533: a parameter cannot have a type that contains 'auto' (compiling source file main.cpp)
D:\Qt_v2\6.1.0\msvc2019_64\include\QtCore\qnumeric.h(299,16): message : 'auto' in non-type template parameters requires at least '/std:c++17' (compiling source file main.cpp)
D:\Qt_v2\6.1.0\msvc2019_64\include\QtCore\qnumeric.h(351,18): error C3533: a parameter cannot have a type that contains 'auto' (compiling source file main.cpp)
D:\Qt_v2\6.1.0\msvc2019_64\include\QtCore\qnumeric.h(351,16): message : 'auto' in non-type template parameters requires at least '/std:c++17' (compiling source file main.cpp)
D:\Qt_v2\6.1.0\msvc2019_64\include\QtCore\qnamespace.h(1608,37): error C7525: inline variables require at least '/std:c++17' (compiling source file main.cpp)
D:\Qt_v2\6.1.0\msvc2019_64\include\QtCore\qcontainertools_impl.h(229,48): error C2065: 'invoke_result_t': undeclared identifier (compiling source file main.cpp)
D:\Qt_v2\6.1.0\msvc2019_64\include\QtCore\qcontainertools_impl.h(230): message : see reference to class template instantiation 'QtPrivate::is_invoke_result_explicitly_convertible<R,F,ArgTypes...>' being compiled (compiling source file main.cpp)
D:\Qt_v2\6.1.0\msvc2019_64\include\QtCore\qcontainertools_impl.h(229,48): error C3544: '_Args': parameter pack expects a type template argument (compiling source file main.cpp)
D:\Qt_v2\6.1.0\msvc2019_64\include\QtCore\qcontainertools_impl.h(229,48): error C2955: 'std::is_constructible': use of class template requires template argument list (compiling source file main.cpp)
C:\Program Files (x86)\Microsoft Visual Studio\2019\Community\VC\Tools\MSVC\14.28.29910\include\type_traits(622): message : see declaration of 'std::is_constructible' (compiling source file main.cpp)
D:\Qt_v2\6.1.0\msvc2019_64\include\QtCore\qcontainertools_impl.h(229,110): error C2143: syntax error: missing ',' before '>' (compiling source file main.cpp)
D:\Qt_v2\6.1.0\msvc2019_64\include\QtCore\qbytearrayview.h(55): error C2065: 'byte': undeclared identifier (compiling source file main.cpp)
D:\Qt_v2\6.1.0\msvc2019_64\include\QtCore\qbytearrayview.h(59): message : see reference to class template instantiation 'QtPrivate::IsCompatibleByteTypeHelper<Byte>' being compiled (compiling source file main.cpp)
D:\Qt_v2\6.1.0\msvc2019_64\include\QtCore\qbytearrayview.h(59,35): error C2923: 'std::is_same_v': 'byte' is not a valid template type argument for parameter '<unnamed-symbol>' (compiling source file main.cpp)
D:\Qt_v2\6.1.0\msvc2019_64\include\QtCore\qbytearrayview.h(55): error C2062: type 'unknown-type' unexpected (compiling source file main.cpp)
D:\Qt_v2\6.1.0\msvc2019_64\include\QtCore\qbytearrayview.h(59,63): error C3770: 'unknown-type': is not a valid base class (compiling source file main.cpp)
D:\Qt_v2\6.1.0\msvc2019_64\include\QtCore\qbytearrayview.h(153,32): error C3615: constexpr function 'QByteArrayView::lengthHelperCharArray' cannot result in a constant expression (compiling source file main.cpp)
D:\Qt_v2\6.1.0\msvc2019_64\include\QtCore\qbytearrayview.h(155,53): message : failure was caused by call of undefined function or one not declared 'constexpr' (compiling source file main.cpp)
D:\Qt_v2\6.1.0\msvc2019_64\include\QtCore\qbytearrayview.h(155,53): message : see usage of 'std::_Narrow_char_traits<char,int>::find' (compiling source file main.cpp)
D:\Qt_v2\6.1.0\msvc2019_64\include\QtCore\qbytearrayview.h(157,39): message : failure was caused by call of undefined function or one not declared 'constexpr' (compiling source file main.cpp)
D:\Qt_v2\6.1.0\msvc2019_64\include\QtCore\qbytearrayview.h(157,39): message : see usage of 'std::distance' (compiling source file main.cpp)
D:\Qt_v2\6.1.0\msvc2019_64\include\QtCore\qbytearrayview.h(59,56): error C2039: 'byte': is not a member of 'std' (compiling source file main.cpp)
C:\Program Files (x86)\Microsoft Visual Studio\2019\Community\VC\Tools\MSVC\14.28.29910\include\string(24): message : see declaration of 'std' (compiling source file main.cpp)
D:\Qt_v2\6.1.0\msvc2019_64\include\QtCore\qbytearrayview.h(64): message : see reference to class template instantiation 'QtPrivate::IsCompatibleByteTypeHelper<char>' being compiled (compiling source file main.cpp)
D:\Qt_v2\6.1.0\msvc2019_64\include\QtCore\qbytearrayview.h(228): message : see reference to class template instantiation 'QtPrivate::IsCompatibleByteType<const QByteArrayView::value_type>' being compiled (compiling source file main.cpp)
D:\Qt_v2\6.1.0\msvc2019_64\include\QtCore\qbytearrayview.h(172): message : see reference to alias template instantiation 'QByteArrayView::if_compatible_byte<const QByteArrayView::value_type>' being compiled (compiling source file main.cpp)
D:\Qt_v2\6.1.0\msvc2019_64\include\QtCore\qbytearrayview.h(228,5): error C2440: '<function-style-cast>': cannot convert from 'initializer list' to 'QByteArrayView' (compiling source file main.cpp)
D:\Qt_v2\6.1.0\msvc2019_64\include\QtCore\qbytearrayview.h(228,5): message : No constructor could take the source type, or constructor overload resolution was ambiguous (compiling source file main.cpp)
D:\Qt_v2\6.1.0\msvc2019_64\include\QtCore\qbytearrayview.h(227,44): error C3615: constexpr function 'QByteArrayView::first' cannot result in a constant expression (compiling source file main.cpp)
D:\Qt_v2\6.1.0\msvc2019_64\include\QtCore\qbytearrayview.h(228): message : failure was caused by control reaching the end of a constexpr function (compiling source file main.cpp)
D:\Qt_v2\6.1.0\msvc2019_64\include\QtCore\qbytearrayview.h(230,5): error C2440: '<function-style-cast>': cannot convert from 'initializer list' to 'QByteArrayView' (compiling source file main.cpp)
D:\Qt_v2\6.1.0\msvc2019_64\include\QtCore\qbytearrayview.h(230,5): message : No constructor could take the source type, or constructor overload resolution was ambiguous (compiling source file main.cpp)
D:\Qt_v2\6.1.0\msvc2019_64\include\QtCore\qbytearrayview.h(229,44): error C3615: constexpr function 'QByteArrayView::last' cannot result in a constant expression (compiling source file main.cpp)
D:\Qt_v2\6.1.0\msvc2019_64\include\QtCore\qbytearrayview.h(230): message : failure was caused by control reaching the end of a constexpr function (compiling source file main.cpp)
D:\Qt_v2\6.1.0\msvc2019_64\include\QtCore\qbytearrayview.h(232,5): error C2440: '<function-style-cast>': cannot convert from 'initializer list' to 'QByteArrayView' (compiling source file main.cpp)
D:\Qt_v2\6.1.0\msvc2019_64\include\QtCore\qbytearrayview.h(232,5): message : No constructor could take the source type, or constructor overload resolution was ambiguous (compiling source file main.cpp)
D:\Qt_v2\6.1.0\msvc2019_64\include\QtCore\qbytearrayview.h(231,44): error C3615: constexpr function 'QByteArrayView::sliced' cannot result in a constant expression (compiling source file main.cpp)
D:\Qt_v2\6.1.0\msvc2019_64\include\QtCore\qbytearrayview.h(232): message : failure was caused by control reaching the end of a constexpr function (compiling source file main.cpp)
D:\Qt_v2\6.1.0\msvc2019_64\include\QtCore\qbytearrayview.h(234,5): error C2440: '<function-style-cast>': cannot convert from 'initializer list' to 'QByteArrayView' (compiling source file main.cpp)
D:\Qt_v2\6.1.0\msvc2019_64\include\QtCore\qbytearrayview.h(234,5): message : No constructor could take the source type, or constructor overload resolution was ambiguous (compiling source file main.cpp)
D:\Qt_v2\6.1.0\msvc2019_64\include\QtCore\qbytearrayview.h(233,44): error C3615: constexpr function 'QByteArrayView::sliced' cannot result in a constant expression (compiling source file main.cpp)
D:\Qt_v2\6.1.0\msvc2019_64\include\QtCore\qbytearrayview.h(234): message : failure was caused by control reaching the end of a constexpr function (compiling source file main.cpp)
D:\Qt_v2\6.1.0\msvc2019_64\include\QtCore\qbytearrayview.h(256,5): error C2440: '<function-style-cast>': cannot convert from 'initializer list' to 'QByteArrayView' (compiling source file main.cpp)
D:\Qt_v2\6.1.0\msvc2019_64\include\QtCore\qbytearrayview.h(256,5): message : No constructor could take the source type, or constructor overload resolution was ambiguous (compiling source file main.cpp)
D:\Qt_v2\6.1.0\msvc2019_64\include\QtCore\qbytearrayview.h(256,5): error C2660: 'QtPrivate::findByteArray': function does not take 2 arguments (compiling source file main.cpp)
D:\Qt_v2\6.1.0\msvc2019_64\include\QtCore\qbytearrayalgorithms.h(62,11): message : see declaration of 'QtPrivate::findByteArray' (compiling source file main.cpp)
D:\Qt_v2\6.1.0\msvc2019_64\include\QtCore\qbytearrayview.h(266,5): error C2440: '<function-style-cast>': cannot convert from 'initializer list' to 'QByteArrayView' (compiling source file main.cpp)
D:\Qt_v2\6.1.0\msvc2019_64\include\QtCore\qbytearrayview.h(266,5): message : No constructor could take the source type, or constructor overload resolution was ambiguous (compiling source file main.cpp)
D:\Qt_v2\6.1.0\msvc2019_64\include\QtCore\qbytearrayview.h(266,5): error C2660: 'QtPrivate::lastIndexOf': function does not take 2 arguments (compiling source file main.cpp)
D:\Qt_v2\6.1.0\msvc2019_64\include\QtCore\qbytearrayalgorithms.h(65,11): message : see declaration of 'QtPrivate::lastIndexOf' (compiling source file main.cpp)
D:\Qt_v2\6.1.0\msvc2019_64\include\QtCore\qbytearrayview.h(271,5): error C2440: '<function-style-cast>': cannot convert from 'initializer list' to 'QByteArrayView' (compiling source file main.cpp)
D:\Qt_v2\6.1.0\msvc2019_64\include\QtCore\qbytearrayview.h(271,5): message : No constructor could take the source type, or constructor overload resolution was ambiguous (compiling source file main.cpp)
D:\Qt_v2\6.1.0\msvc2019_64\include\QtCore\qbytearrayview.h(271,5): error C2660: 'QtPrivate::count': function does not take 1 arguments (compiling source file main.cpp)
D:\Qt_v2\6.1.0\msvc2019_64\include\QtCore\qbytearrayalgorithms.h(68,11): message : see declaration of 'QtPrivate::count' (compiling source file main.cpp)
D:\Qt_v2\6.1.0\msvc2019_64\include\QtCore\qbytearrayview.h(280,52): error C3615: constexpr function 'QByteArrayView::rbegin' cannot result in a constant expression (compiling source file main.cpp)
D:\Qt_v2\6.1.0\msvc2019_64\include\QtCore\qbytearrayview.h(280,108): message : failure was caused by call of undefined function or one not declared 'constexpr' (compiling source file main.cpp)
D:\Qt_v2\6.1.0\msvc2019_64\include\QtCore\qbytearrayview.h(280,108): message : see usage of 'std::reverse_iterator<QByteArrayView::iterator>::reverse_iterator' (compiling source file main.cpp)
D:\Qt_v2\6.1.0\msvc2019_64\include\QtCore\qbytearrayview.h(281,52): error C3615: constexpr function 'QByteArrayView::rend' cannot result in a constant expression (compiling source file main.cpp)
D:\Qt_v2\6.1.0\msvc2019_64\include\QtCore\qbytearrayview.h(281,108): message : failure was caused by call of undefined function or one not declared 'constexpr' (compiling source file main.cpp)
D:\Qt_v2\6.1.0\msvc2019_64\include\QtCore\qbytearrayview.h(281,108): message : see usage of 'std::reverse_iterator<QByteArrayView::iterator>::reverse_iterator' (compiling source file main.cpp)
D:\Qt_v2\6.1.0\msvc2019_64\include\QtCore\qbytearray.h(129,41): error C2440: '<function-style-cast>': cannot convert from 'initializer list' to 'QByteArrayView' (compiling source file main.cpp)
D:\Qt_v2\6.1.0\msvc2019_64\include\QtCore\qbytearray.h(129,41): message : No constructor could take the source type, or constructor overload resolution was ambiguous (compiling source file main.cpp)
D:\Qt_v2\6.1.0\msvc2019_64\include\QtCore\qbytearray.h(289,5): error C2440: '<function-style-cast>': cannot convert from 'initializer list' to 'QByteArrayView' (compiling source file main.cpp)
D:\Qt_v2\6.1.0\msvc2019_64\include\QtCore\qbytearray.h(289,5): message : No constructor could take the source type, or constructor overload resolution was ambiguous (compiling source file main.cpp)
D:\Qt_v2\6.1.0\msvc2019_64\include\QtCore\qbytearray.h(289,5): error C2661: 'QByteArray::insert': no overloaded function takes 1 arguments (compiling source file main.cpp)
D:\Qt_v2\6.1.0\msvc2019_64\include\QtCore\qbytearray.h(292,5): error C2440: '<function-style-cast>': cannot convert from 'initializer list' to 'QByteArrayView' (compiling source file main.cpp)
D:\Qt_v2\6.1.0\msvc2019_64\include\QtCore\qbytearray.h(292,5): message : No constructor could take the source type, or constructor overload resolution was ambiguous (compiling source file main.cpp)
D:\Qt_v2\6.1.0\msvc2019_64\include\QtCore\qbytearray.h(292,5): error C2661: 'QByteArray::insert': no overloaded function takes 1 arguments (compiling source file main.cpp)
D:\Qt_v2\6.1.0\msvc2019_64\include\QtCore\qbytearray.h(294,5): error C2440: '<function-style-cast>': cannot convert from 'initializer list' to 'QByteArrayView' (compiling source file main.cpp)
D:\Qt_v2\6.1.0\msvc2019_64\include\QtCore\qbytearray.h(294,5): message : No constructor could take the source type, or constructor overload resolution was ambiguous (compiling source file main.cpp)
D:\Qt_v2\6.1.0\msvc2019_64\include\QtCore\qbytearray.h(294,5): error C2661: 'QByteArray::insert': no overloaded function takes 1 arguments (compiling source file main.cpp)
D:\Qt_v2\6.1.0\msvc2019_64\include\QtCore\qbytearray.h(302,5): error C2440: '<function-style-cast>': cannot convert from 'initializer list' to 'QByteArrayView' (compiling source file main.cpp)
D:\Qt_v2\6.1.0\msvc2019_64\include\QtCore\qbytearray.h(302,5): message : No constructor could take the source type, or constructor overload resolution was ambiguous (compiling source file main.cpp)
D:\Qt_v2\6.1.0\msvc2019_64\include\QtCore\qbytearray.h(304,5): error C2440: '<function-style-cast>': cannot convert from 'initializer list' to 'QByteArrayView' (compiling source file main.cpp)
D:\Qt_v2\6.1.0\msvc2019_64\include\QtCore\qbytearray.h(304,5): message : No constructor could take the source type, or constructor overload resolution was ambiguous (compiling source file main.cpp)
D:\Qt_v2\6.1.0\msvc2019_64\include\QtCore\qbytearray.h(311,5): error C2440: '<function-style-cast>': cannot convert from 'const char *' to 'QByteArrayView' (compiling source file main.cpp)
D:\Qt_v2\6.1.0\msvc2019_64\include\QtCore\qbytearray.h(311,5): message : No constructor could take the source type, or constructor overload resolution was ambiguous (compiling source file main.cpp)
D:\Qt_v2\6.1.0\msvc2019_64\include\QtCore\qbytearray.h(311,5): error C2661: 'QByteArray::insert': no overloaded function takes 1 arguments (compiling source file main.cpp)
C:\Program Files (x86)\Microsoft Visual Studio\2019\Community\VC\Tools\MSVC\14.28.29910\include\type_traits(62,61): error C2039: 'value': is not a member of 'QtPrivate::IsCompatibleByteArrayPointer<const char *>' (compiling source file main.cpp)
D:\Qt_v2\6.1.0\msvc2019_64\include\QtCore\qbytearrayview.h(129): message : see declaration of 'QtPrivate::IsCompatibleByteArrayPointer<const char *>' (compiling source file main.cpp)
C:\Program Files (x86)\Microsoft Visual Studio\2019\Community\VC\Tools\MSVC\14.28.29910\include\type_traits(67): message : see reference to class template instantiation 'std::conjunction<QtPrivate::IsCompatibleByteArrayPointer<const char *>,std::is_convertible<qsizetype,qsizetype>,QtPrivate::IsCompatibleByteType<const QByteArrayView::value_type>,std::is_convertible<bool,bool>,std::negation<std::is_same<QByteArray,QByteArray>>,std::negation<std::is_array<QByteArray>>,std::negation<std::is_same<QByteArray,QByteArrayView>>>' being compiled (compiling source file main.cpp)
C:\Program Files (x86)\Microsoft Visual Studio\2019\Community\VC\Tools\MSVC\14.28.29910\include\type_traits(62): message : see reference to variable template 'const bool conjunction_v<QtPrivate::IsCompatibleByteArrayPointer<char const *>,std::is_convertible<__int64,__int64>,QtPrivate::IsCompatibleByteType<char>,std::is_convertible<bool,bool>,std::negation<std::is_same<QByteArray,QByteArray> >,std::negation<std::is_array<QByteArray> >,std::negation<std::is_same<QByteArray,QByteArrayView> > >' being compiled (compiling source file main.cpp)
D:\Qt_v2\6.1.0\msvc2019_64\include\QtCore\qbytearrayview.h(199): message : see reference to alias template instantiation 'QByteArrayView::if_compatible_container<QByteArray>' being compiled (compiling source file main.cpp)
C:\Program Files (x86)\Microsoft Visual Studio\2019\Community\VC\Tools\MSVC\14.28.29910\include\type_traits(62,92): error C2065: 'value': undeclared identifier (compiling source file main.cpp)
C:\Program Files (x86)\Microsoft Visual Studio\2019\Community\VC\Tools\MSVC\14.28.29910\include\type_traits(62,92): error C2975: '_First_value': invalid template argument for 'std::_Conjunction', expected compile-time constant expression (compiling source file main.cpp)
C:\Program Files (x86)\Microsoft Visual Studio\2019\Community\VC\Tools\MSVC\14.28.29910\include\type_traits(48): message : see declaration of '_First_value' (compiling source file main.cpp)
C:\Program Files (x86)\Microsoft Visual Studio\2019\Community\VC\Tools\MSVC\14.28.29910\include\type_traits(67,69): error C2039: 'value': is not a member of 'std::conjunction<QtPrivate::IsCompatibleByteArrayPointer<const char *>,std::is_convertible<qsizetype,qsizetype>,QtPrivate::IsCompatibleByteType<const QByteArrayView::value_type>,std::is_convertible<bool,bool>,std::negation<std::is_same<QByteArray,QByteArray>>,std::negation<std::is_array<QByteArray>>,std::negation<std::is_same<QByteArray,QByteArrayView>>>' (compiling source file main.cpp)
C:\Program Files (x86)\Microsoft Visual Studio\2019\Community\VC\Tools\MSVC\14.28.29910\include\type_traits(67): message : see declaration of 'std::conjunction<QtPrivate::IsCompatibleByteArrayPointer<const char *>,std::is_convertible<qsizetype,qsizetype>,QtPrivate::IsCompatibleByteType<const QByteArrayView::value_type>,std::is_convertible<bool,bool>,std::negation<std::is_same<QByteArray,QByteArray>>,std::negation<std::is_array<QByteArray>>,std::negation<std::is_same<QByteArray,QByteArrayView>>>' (compiling source file main.cpp)
C:\Program Files (x86)\Microsoft Visual Studio\2019\Community\VC\Tools\MSVC\14.28.29910\include\type_traits(67,44): error C2065: 'value': undeclared identifier (compiling source file main.cpp)
C:\Program Files (x86)\Microsoft Visual Studio\2019\Community\VC\Tools\MSVC\14.28.29910\include\type_traits(67,44): error C2131: expression did not evaluate to a constant (compiling source file main.cpp)
C:\Program Files (x86)\Microsoft Visual Studio\2019\Community\VC\Tools\MSVC\14.28.29910\include\type_traits(67,44): message : a non-constant (sub-)expression was encountered (compiling source file main.cpp)
D:\Qt_v2\6.1.0\msvc2019_64\include\QtCore\qbytearray.h(313,5): error C2440: '<function-style-cast>': cannot convert from 'const QByteArray' to 'QByteArrayView' (compiling source file main.cpp)
D:\Qt_v2\6.1.0\msvc2019_64\include\QtCore\qbytearray.h(313,5): message : No constructor could take the source type, or constructor overload resolution was ambiguous (compiling source file main.cpp)
D:\Qt_v2\6.1.0\msvc2019_64\include\QtCore\qbytearray.h(313,5): error C2661: 'QByteArray::insert': no overloaded function takes 1 arguments (compiling source file main.cpp)
D:\Qt_v2\6.1.0\msvc2019_64\include\QtCore\qbytearray.h(316,5): error C2440: '<function-style-cast>': cannot convert from 'initializer list' to 'QByteArrayView' (compiling source file main.cpp)
D:\Qt_v2\6.1.0\msvc2019_64\include\QtCore\qbytearray.h(316,5): message : No constructor could take the source type, or constructor overload resolution was ambiguous (compiling source file main.cpp)
D:\Qt_v2\6.1.0\msvc2019_64\include\QtCore\qbytearray.h(316,5): error C2661: 'QByteArray::insert': no overloaded function takes 1 arguments (compiling source file main.cpp)
D:\Qt_v2\6.1.0\msvc2019_64\include\QtCore\qbytearray.h(318,5): error C2440: '<function-style-cast>': cannot convert from 'initializer list' to 'QByteArrayView' (compiling source file main.cpp)
D:\Qt_v2\6.1.0\msvc2019_64\include\QtCore\qbytearray.h(318,5): message : No constructor could take the source type, or constructor overload resolution was ambiguous (compiling source file main.cpp)
D:\Qt_v2\6.1.0\msvc2019_64\include\QtCore\qbytearray.h(318,5): error C2661: 'QByteArray::insert': no overloaded function takes 1 arguments (compiling source file main.cpp)
D:\Qt_v2\6.1.0\msvc2019_64\include\QtCore\qbytearray.h(318,5): fatal error C1003: error count exceeds 100; stopping compilation (compiling source file main.cpp)
